ERROR - 2024-03-07 18:10:53 --> mysqli_sql_exception: Unknown column 'registername' in 'field list' in C:\xampp\htdocs\codeIgniter4\system\Database\MySQLi\Connection.php:306
Stack trace:
#0 C:\xampp\htdocs\codeIgniter4\system\Database\MySQLi\Connection.php(306): mysqli->query('INSERT INTO `yo...', 0)
#1 C:\xampp\htdocs\codeIgniter4\system\Database\BaseConnection.php(693): CodeIgniter\Database\MySQLi\Connection->execute('INSERT INTO `yo...')
#2 C:\xampp\htdocs\codeIgniter4\system\Database\BaseConnection.php(607): CodeIgniter\Database\BaseConnection->simpleQuery('INSERT INTO `yo...')
#3 C:\xampp\htdocs\codeIgniter4\system\Database\BaseBuilder.php(2307): CodeIgniter\Database\BaseConnection->query('INSERT INTO `yo...', Array, false)
#4 C:\xampp\htdocs\codeIgniter4\app\Controllers\User.php(33): CodeIgniter\Database\BaseBuilder->insert(Array)
#5 C:\xampp\htdocs\codeIgniter4\system\CodeIgniter.php(941): App\Controllers\User->insert()
#6 C:\xampp\htdocs\codeIgniter4\system\CodeIgniter.php(502): CodeIgniter\CodeIgniter->runController(Object(App\Controllers\User))
#7 C:\xampp\htdocs\codeIgniter4\system\CodeIgniter.php(361): CodeIgniter\CodeIgniter->handleRequest(NULL, Object(Config\Cache), false)
#8 C:\xampp\htdocs\codeIgniter4\public\index.php(79): CodeIgniter\CodeIgniter->run()
#9 {main}
CRITICAL - 2024-03-07 18:10:53 --> CodeIgniter\Database\Exceptions\DatabaseException: Unknown column 'registername' in 'field list'
in SYSTEMPATH\Database\BaseConnection.php on line 647.
 1 SYSTEMPATH\Database\BaseBuilder.php(2307): CodeIgniter\Database\BaseConnection->query('INSERT INTO `yolcular` (`registername`, `registersurname`, `registerbirthdate`, `registergender`, `registeremail`, `registerid`, `registerphone`, `registerpassword`) VALUES (:registername:, :registersurname:, :registerbirthdate:, :registergender:, :registeremail:, :registerid:, :registerphone:, :registerpassword:)', [...], false)
 2 APPPATH\Controllers\User.php(33): CodeIgniter\Database\BaseBuilder->insert([...])
 3 SYSTEMPATH\CodeIgniter.php(941): App\Controllers\User->insert()
 4 SYSTEMPATH\CodeIgniter.php(502): CodeIgniter\CodeIgniter->runController(Object(App\Controllers\User))
 5 SYSTEMPATH\CodeIgniter.php(361): CodeIgniter\CodeIgniter->handleRequest(null, Object(Config\Cache), false)
 6 FCPATH\index.php(79): CodeIgniter\CodeIgniter->run()
CRITICAL - 2024-03-07 18:10:53 --> [Caused by] CodeIgniter\Database\Exceptions\DatabaseException: Unknown column 'registername' in 'field list'
in SYSTEMPATH\Database\MySQLi\Connection.php on line 311.
 1 SYSTEMPATH\Database\BaseConnection.php(693): CodeIgniter\Database\MySQLi\Connection->execute('INSERT INTO `yolcular` (`registername`, `registersurname`, `registerbirthdate`, `registergender`, `registeremail`, `registerid`, `registerphone`, `registerpassword`) VALUES (NULL, NULL, NULL, NULL, NULL, NULL, NULL, NULL)')
 2 SYSTEMPATH\Database\BaseConnection.php(607): CodeIgniter\Database\BaseConnection->simpleQuery('INSERT INTO `yolcular` (`registername`, `registersurname`, `registerbirthdate`, `registergender`, `registeremail`, `registerid`, `registerphone`, `registerpassword`) VALUES (NULL, NULL, NULL, NULL, NULL, NULL, NULL, NULL)')
 3 SYSTEMPATH\Database\BaseBuilder.php(2307): CodeIgniter\Database\BaseConnection->query('INSERT INTO `yolcular` (`registername`, `registersurname`, `registerbirthdate`, `registergender`, `registeremail`, `registerid`, `registerphone`, `registerpassword`) VALUES (:registername:, :registersurname:, :registerbirthdate:, :registergender:, :registeremail:, :registerid:, :registerphone:, :registerpassword:)', [...], false)
 4 APPPATH\Controllers\User.php(33): CodeIgniter\Database\BaseBuilder->insert([...])
 5 SYSTEMPATH\CodeIgniter.php(941): App\Controllers\User->insert()
 6 SYSTEMPATH\CodeIgniter.php(502): CodeIgniter\CodeIgniter->runController(Object(App\Controllers\User))
 7 SYSTEMPATH\CodeIgniter.php(361): CodeIgniter\CodeIgniter->handleRequest(null, Object(Config\Cache), false)
 8 FCPATH\index.php(79): CodeIgniter\CodeIgniter->run()
CRITICAL - 2024-03-07 18:10:53 --> [Caused by] mysqli_sql_exception: Unknown column 'registername' in 'field list'
in SYSTEMPATH\Database\MySQLi\Connection.php on line 306.
 1 SYSTEMPATH\Database\MySQLi\Connection.php(306): mysqli->query('INSERT INTO `yolcular` (`registername`, `registersurname`, `registerbirthdate`, `registergender`, `registeremail`, `registerid`, `registerphone`, `registerpassword`) VALUES (NULL, NULL, NULL, NULL, NULL, NULL, NULL, NULL)', 0)
 2 SYSTEMPATH\Database\BaseConnection.php(693): CodeIgniter\Database\MySQLi\Connection->execute('INSERT INTO `yolcular` (`registername`, `registersurname`, `registerbirthdate`, `registergender`, `registeremail`, `registerid`, `registerphone`, `registerpassword`) VALUES (NULL, NULL, NULL, NULL, NULL, NULL, NULL, NULL)')
 3 SYSTEMPATH\Database\BaseConnection.php(607): CodeIgniter\Database\BaseConnection->simpleQuery('INSERT INTO `yolcular` (`registername`, `registersurname`, `registerbirthdate`, `registergender`, `registeremail`, `registerid`, `registerphone`, `registerpassword`) VALUES (NULL, NULL, NULL, NULL, NULL, NULL, NULL, NULL)')
 4 SYSTEMPATH\Database\BaseBuilder.php(2307): CodeIgniter\Database\BaseConnection->query('INSERT INTO `yolcular` (`registername`, `registersurname`, `registerbirthdate`, `registergender`, `registeremail`, `registerid`, `registerphone`, `registerpassword`) VALUES (:registername:, :registersurname:, :registerbirthdate:, :registergender:, :registeremail:, :registerid:, :registerphone:, :registerpassword:)', [...], false)
 5 APPPATH\Controllers\User.php(33): CodeIgniter\Database\BaseBuilder->insert([...])
 6 SYSTEMPATH\CodeIgniter.php(941): App\Controllers\User->insert()
 7 SYSTEMPATH\CodeIgniter.php(502): CodeIgniter\CodeIgniter->runController(Object(App\Controllers\User))
 8 SYSTEMPATH\CodeIgniter.php(361): CodeIgniter\CodeIgniter->handleRequest(null, Object(Config\Cache), false)
 9 FCPATH\index.php(79): CodeIgniter\CodeIgniter->run()
CRITICAL - 2024-03-07 19:01:48 --> CodeIgniter\Database\Exceptions\DataException: Allowed fields must be specified for model: "App\Models\UsersModel"
in SYSTEMPATH\Model.php on line 766.
 1 SYSTEMPATH\Model.php(766): CodeIgniter\Database\Exceptions\DataException::forInvalidAllowedFields('App\\Models\\UsersModel')
 2 SYSTEMPATH\BaseModel.php(783): CodeIgniter\Model->doProtectFieldsForInsert([...])
 3 SYSTEMPATH\Model.php(744): CodeIgniter\BaseModel->insert([...], true)
 4 APPPATH\Controllers\User.php(35): CodeIgniter\Model->insert([...])
 5 SYSTEMPATH\CodeIgniter.php(941): App\Controllers\User->insert()
 6 SYSTEMPATH\CodeIgniter.php(502): CodeIgniter\CodeIgniter->runController(Object(App\Controllers\User))
 7 SYSTEMPATH\CodeIgniter.php(361): CodeIgniter\CodeIgniter->handleRequest(null, Object(Config\Cache), false)
 8 FCPATH\index.php(79): CodeIgniter\CodeIgniter->run()
CRITICAL - 2024-03-07 19:11:10 --> CodeIgniter\Database\Exceptions\DataException: Allowed fields must be specified for model: "App\Models\UsersModel"
in SYSTEMPATH\Model.php on line 766.
 1 SYSTEMPATH\Model.php(766): CodeIgniter\Database\Exceptions\DataException::forInvalidAllowedFields('App\\Models\\UsersModel')
 2 SYSTEMPATH\BaseModel.php(783): CodeIgniter\Model->doProtectFieldsForInsert([...])
 3 SYSTEMPATH\Model.php(744): CodeIgniter\BaseModel->insert([...], true)
 4 APPPATH\Controllers\User.php(36): CodeIgniter\Model->insert([...])
 5 SYSTEMPATH\CodeIgniter.php(941): App\Controllers\User->insert()
 6 SYSTEMPATH\CodeIgniter.php(502): CodeIgniter\CodeIgniter->runController(Object(App\Controllers\User))
 7 SYSTEMPATH\CodeIgniter.php(361): CodeIgniter\CodeIgniter->handleRequest(null, Object(Config\Cache), false)
 8 FCPATH\index.php(79): CodeIgniter\CodeIgniter->run()
CRITICAL - 2024-03-07 19:12:11 --> CodeIgniter\Database\Exceptions\DataException: Allowed fields must be specified for model: "App\Models\UsersModel"
in SYSTEMPATH\Model.php on line 766.
 1 SYSTEMPATH\Model.php(766): CodeIgniter\Database\Exceptions\DataException::forInvalidAllowedFields('App\\Models\\UsersModel')
 2 SYSTEMPATH\BaseModel.php(783): CodeIgniter\Model->doProtectFieldsForInsert([...])
 3 SYSTEMPATH\Model.php(744): CodeIgniter\BaseModel->insert([...], true)
 4 APPPATH\Controllers\User.php(36): CodeIgniter\Model->insert([...])
 5 SYSTEMPATH\CodeIgniter.php(941): App\Controllers\User->insert()
 6 SYSTEMPATH\CodeIgniter.php(502): CodeIgniter\CodeIgniter->runController(Object(App\Controllers\User))
 7 SYSTEMPATH\CodeIgniter.php(361): CodeIgniter\CodeIgniter->handleRequest(null, Object(Config\Cache), false)
 8 FCPATH\index.php(79): CodeIgniter\CodeIgniter->run()
ERROR - 2024-03-07 19:34:56 --> mysqli_sql_exception: Duplicate entry 'seda@gmail.com' for key 'Email' in C:\xampp\htdocs\codeIgniter4\system\Database\MySQLi\Connection.php:306
Stack trace:
#0 C:\xampp\htdocs\codeIgniter4\system\Database\MySQLi\Connection.php(306): mysqli->query('INSERT INTO `yo...', 0)
#1 C:\xampp\htdocs\codeIgniter4\system\Database\BaseConnection.php(693): CodeIgniter\Database\MySQLi\Connection->execute('INSERT INTO `yo...')
#2 C:\xampp\htdocs\codeIgniter4\system\Database\BaseConnection.php(607): CodeIgniter\Database\BaseConnection->simpleQuery('INSERT INTO `yo...')
#3 C:\xampp\htdocs\codeIgniter4\system\Database\BaseBuilder.php(2307): CodeIgniter\Database\BaseConnection->query('INSERT INTO `yo...', Array, false)
#4 C:\xampp\htdocs\codeIgniter4\system\Model.php(326): CodeIgniter\Database\BaseBuilder->insert()
#5 C:\xampp\htdocs\codeIgniter4\system\BaseModel.php(802): CodeIgniter\Model->doInsert(Array)
#6 C:\xampp\htdocs\codeIgniter4\system\Model.php(744): CodeIgniter\BaseModel->insert(Array, true)
#7 C:\xampp\htdocs\codeIgniter4\app\Controllers\User.php(38): CodeIgniter\Model->insert(Array)
#8 C:\xampp\htdocs\codeIgniter4\system\CodeIgniter.php(941): App\Controllers\User->insert()
#9 C:\xampp\htdocs\codeIgniter4\system\CodeIgniter.php(502): CodeIgniter\CodeIgniter->runController(Object(App\Controllers\User))
#10 C:\xampp\htdocs\codeIgniter4\system\CodeIgniter.php(361): CodeIgniter\CodeIgniter->handleRequest(NULL, Object(Config\Cache), false)
#11 C:\xampp\htdocs\codeIgniter4\index.php(79): CodeIgniter\CodeIgniter->run()
#12 {main}
CRITICAL - 2024-03-07 19:34:56 --> CodeIgniter\Database\Exceptions\DatabaseException: Duplicate entry 'seda@gmail.com' for key 'Email'
in SYSTEMPATH\Database\BaseConnection.php on line 647.
 1 SYSTEMPATH\Database\BaseBuilder.php(2307): CodeIgniter\Database\BaseConnection->query('INSERT INTO `yolcular` (`Email`, `Sifre`, `Ad`, `Soyad`, `Telefon`, `Tc`, `Yas`, `Cinsiyet`) VALUES (:Email:, :Sifre:, :Ad:, :Soyad:, :Telefon:, :Tc:, :Yas:, :Cinsiyet:)', [...], false)
 2 SYSTEMPATH\Model.php(326): CodeIgniter\Database\BaseBuilder->insert()
 3 SYSTEMPATH\BaseModel.php(802): CodeIgniter\Model->doInsert([...])
 4 SYSTEMPATH\Model.php(744): CodeIgniter\BaseModel->insert([...], true)
 5 APPPATH\Controllers\User.php(38): CodeIgniter\Model->insert([...])
 6 SYSTEMPATH\CodeIgniter.php(941): App\Controllers\User->insert()
 7 SYSTEMPATH\CodeIgniter.php(502): CodeIgniter\CodeIgniter->runController(Object(App\Controllers\User))
 8 SYSTEMPATH\CodeIgniter.php(361): CodeIgniter\CodeIgniter->handleRequest(null, Object(Config\Cache), false)
 9 FCPATH\index.php(79): CodeIgniter\CodeIgniter->run()
CRITICAL - 2024-03-07 19:34:56 --> [Caused by] CodeIgniter\Database\Exceptions\DatabaseException: Duplicate entry 'seda@gmail.com' for key 'Email'
in SYSTEMPATH\Database\MySQLi\Connection.php on line 311.
 1 SYSTEMPATH\Database\BaseConnection.php(693): CodeIgniter\Database\MySQLi\Connection->execute('INSERT INTO `yolcular` (`Email`, `Sifre`, `Ad`, `Soyad`, `Telefon`, `Tc`, `Yas`, `Cinsiyet`) VALUES (\'seda@gmail.com\', \'wwww\', \'eee\', \'aaa\', \'0545555555\', \'11111116538\', 24, \'Kadın\')')
 2 SYSTEMPATH\Database\BaseConnection.php(607): CodeIgniter\Database\BaseConnection->simpleQuery('INSERT INTO `yolcular` (`Email`, `Sifre`, `Ad`, `Soyad`, `Telefon`, `Tc`, `Yas`, `Cinsiyet`) VALUES (\'seda@gmail.com\', \'wwww\', \'eee\', \'aaa\', \'0545555555\', \'11111116538\', 24, \'Kadın\')')
 3 SYSTEMPATH\Database\BaseBuilder.php(2307): CodeIgniter\Database\BaseConnection->query('INSERT INTO `yolcular` (`Email`, `Sifre`, `Ad`, `Soyad`, `Telefon`, `Tc`, `Yas`, `Cinsiyet`) VALUES (:Email:, :Sifre:, :Ad:, :Soyad:, :Telefon:, :Tc:, :Yas:, :Cinsiyet:)', [...], false)
 4 SYSTEMPATH\Model.php(326): CodeIgniter\Database\BaseBuilder->insert()
 5 SYSTEMPATH\BaseModel.php(802): CodeIgniter\Model->doInsert([...])
 6 SYSTEMPATH\Model.php(744): CodeIgniter\BaseModel->insert([...], true)
 7 APPPATH\Controllers\User.php(38): CodeIgniter\Model->insert([...])
 8 SYSTEMPATH\CodeIgniter.php(941): App\Controllers\User->insert()
 9 SYSTEMPATH\CodeIgniter.php(502): CodeIgniter\CodeIgniter->runController(Object(App\Controllers\User))
10 SYSTEMPATH\CodeIgniter.php(361): CodeIgniter\CodeIgniter->handleRequest(null, Object(Config\Cache), false)
11 FCPATH\index.php(79): CodeIgniter\CodeIgniter->run()
CRITICAL - 2024-03-07 19:34:56 --> [Caused by] mysqli_sql_exception: Duplicate entry 'seda@gmail.com' for key 'Email'
in SYSTEMPATH\Database\MySQLi\Connection.php on line 306.
 1 SYSTEMPATH\Database\MySQLi\Connection.php(306): mysqli->query('INSERT INTO `yolcular` (`Email`, `Sifre`, `Ad`, `Soyad`, `Telefon`, `Tc`, `Yas`, `Cinsiyet`) VALUES (\'seda@gmail.com\', \'wwww\', \'eee\', \'aaa\', \'0545555555\', \'11111116538\', 24, \'Kadın\')', 0)
 2 SYSTEMPATH\Database\BaseConnection.php(693): CodeIgniter\Database\MySQLi\Connection->execute('INSERT INTO `yolcular` (`Email`, `Sifre`, `Ad`, `Soyad`, `Telefon`, `Tc`, `Yas`, `Cinsiyet`) VALUES (\'seda@gmail.com\', \'wwww\', \'eee\', \'aaa\', \'0545555555\', \'11111116538\', 24, \'Kadın\')')
 3 SYSTEMPATH\Database\BaseConnection.php(607): CodeIgniter\Database\BaseConnection->simpleQuery('INSERT INTO `yolcular` (`Email`, `Sifre`, `Ad`, `Soyad`, `Telefon`, `Tc`, `Yas`, `Cinsiyet`) VALUES (\'seda@gmail.com\', \'wwww\', \'eee\', \'aaa\', \'0545555555\', \'11111116538\', 24, \'Kadın\')')
 4 SYSTEMPATH\Database\BaseBuilder.php(2307): CodeIgniter\Database\BaseConnection->query('INSERT INTO `yolcular` (`Email`, `Sifre`, `Ad`, `Soyad`, `Telefon`, `Tc`, `Yas`, `Cinsiyet`) VALUES (:Email:, :Sifre:, :Ad:, :Soyad:, :Telefon:, :Tc:, :Yas:, :Cinsiyet:)', [...], false)
 5 SYSTEMPATH\Model.php(326): CodeIgniter\Database\BaseBuilder->insert()
 6 SYSTEMPATH\BaseModel.php(802): CodeIgniter\Model->doInsert([...])
 7 SYSTEMPATH\Model.php(744): CodeIgniter\BaseModel->insert([...], true)
 8 APPPATH\Controllers\User.php(38): CodeIgniter\Model->insert([...])
 9 SYSTEMPATH\CodeIgniter.php(941): App\Controllers\User->insert()
10 SYSTEMPATH\CodeIgniter.php(502): CodeIgniter\CodeIgniter->runController(Object(App\Controllers\User))
11 SYSTEMPATH\CodeIgniter.php(361): CodeIgniter\CodeIgniter->handleRequest(null, Object(Config\Cache), false)
12 FCPATH\index.php(79): CodeIgniter\CodeIgniter->run()
ERROR - 2024-03-07 19:43:40 --> mysqli_sql_exception: Duplicate entry 'sedaaaaa@gmail.com' for key 'Email' in C:\xampp\htdocs\codeIgniter4\system\Database\MySQLi\Connection.php:306
Stack trace:
#0 C:\xampp\htdocs\codeIgniter4\system\Database\MySQLi\Connection.php(306): mysqli->query('INSERT INTO `yo...', 0)
#1 C:\xampp\htdocs\codeIgniter4\system\Database\BaseConnection.php(693): CodeIgniter\Database\MySQLi\Connection->execute('INSERT INTO `yo...')
#2 C:\xampp\htdocs\codeIgniter4\system\Database\BaseConnection.php(607): CodeIgniter\Database\BaseConnection->simpleQuery('INSERT INTO `yo...')
#3 C:\xampp\htdocs\codeIgniter4\system\Database\BaseBuilder.php(2307): CodeIgniter\Database\BaseConnection->query('INSERT INTO `yo...', Array, false)
#4 C:\xampp\htdocs\codeIgniter4\system\Model.php(326): CodeIgniter\Database\BaseBuilder->insert()
#5 C:\xampp\htdocs\codeIgniter4\system\BaseModel.php(802): CodeIgniter\Model->doInsert(Array)
#6 C:\xampp\htdocs\codeIgniter4\system\Model.php(744): CodeIgniter\BaseModel->insert(Array, true)
#7 C:\xampp\htdocs\codeIgniter4\app\Controllers\User.php(27): CodeIgniter\Model->insert(Array)
#8 C:\xampp\htdocs\codeIgniter4\system\CodeIgniter.php(941): App\Controllers\User->kayitOl()
#9 C:\xampp\htdocs\codeIgniter4\system\CodeIgniter.php(502): CodeIgniter\CodeIgniter->runController(Object(App\Controllers\User))
#10 C:\xampp\htdocs\codeIgniter4\system\CodeIgniter.php(361): CodeIgniter\CodeIgniter->handleRequest(NULL, Object(Config\Cache), false)
#11 C:\xampp\htdocs\codeIgniter4\index.php(79): CodeIgniter\CodeIgniter->run()
#12 {main}
CRITICAL - 2024-03-07 19:43:40 --> CodeIgniter\Database\Exceptions\DatabaseException: Duplicate entry 'sedaaaaa@gmail.com' for key 'Email'
in SYSTEMPATH\Database\BaseConnection.php on line 647.
 1 SYSTEMPATH\Database\BaseBuilder.php(2307): CodeIgniter\Database\BaseConnection->query('INSERT INTO `yolcular` (`Email`, `Sifre`, `Ad`, `Soyad`, `Telefon`, `Tc`, `Yas`, `Cinsiyet`) VALUES (:Email:, :Sifre:, :Ad:, :Soyad:, :Telefon:, :Tc:, :Yas:, :Cinsiyet:)', [...], false)
 2 SYSTEMPATH\Model.php(326): CodeIgniter\Database\BaseBuilder->insert()
 3 SYSTEMPATH\BaseModel.php(802): CodeIgniter\Model->doInsert([...])
 4 SYSTEMPATH\Model.php(744): CodeIgniter\BaseModel->insert([...], true)
 5 APPPATH\Controllers\User.php(27): CodeIgniter\Model->insert([...])
 6 SYSTEMPATH\CodeIgniter.php(941): App\Controllers\User->kayitOl()
 7 SYSTEMPATH\CodeIgniter.php(502): CodeIgniter\CodeIgniter->runController(Object(App\Controllers\User))
 8 SYSTEMPATH\CodeIgniter.php(361): CodeIgniter\CodeIgniter->handleRequest(null, Object(Config\Cache), false)
 9 FCPATH\index.php(79): CodeIgniter\CodeIgniter->run()
CRITICAL - 2024-03-07 19:43:40 --> [Caused by] CodeIgniter\Database\Exceptions\DatabaseException: Duplicate entry 'sedaaaaa@gmail.com' for key 'Email'
in SYSTEMPATH\Database\MySQLi\Connection.php on line 311.
 1 SYSTEMPATH\Database\BaseConnection.php(693): CodeIgniter\Database\MySQLi\Connection->execute('INSERT INTO `yolcular` (`Email`, `Sifre`, `Ad`, `Soyad`, `Telefon`, `Tc`, `Yas`, `Cinsiyet`) VALUES (\'sedaaaaa@gmail.com\', \'111\', \'aa\', \'aa\', \'0545555555\', \'11111116538\', 24, \'Erkek\')')
 2 SYSTEMPATH\Database\BaseConnection.php(607): CodeIgniter\Database\BaseConnection->simpleQuery('INSERT INTO `yolcular` (`Email`, `Sifre`, `Ad`, `Soyad`, `Telefon`, `Tc`, `Yas`, `Cinsiyet`) VALUES (\'sedaaaaa@gmail.com\', \'111\', \'aa\', \'aa\', \'0545555555\', \'11111116538\', 24, \'Erkek\')')
 3 SYSTEMPATH\Database\BaseBuilder.php(2307): CodeIgniter\Database\BaseConnection->query('INSERT INTO `yolcular` (`Email`, `Sifre`, `Ad`, `Soyad`, `Telefon`, `Tc`, `Yas`, `Cinsiyet`) VALUES (:Email:, :Sifre:, :Ad:, :Soyad:, :Telefon:, :Tc:, :Yas:, :Cinsiyet:)', [...], false)
 4 SYSTEMPATH\Model.php(326): CodeIgniter\Database\BaseBuilder->insert()
 5 SYSTEMPATH\BaseModel.php(802): CodeIgniter\Model->doInsert([...])
 6 SYSTEMPATH\Model.php(744): CodeIgniter\BaseModel->insert([...], true)
 7 APPPATH\Controllers\User.php(27): CodeIgniter\Model->insert([...])
 8 SYSTEMPATH\CodeIgniter.php(941): App\Controllers\User->kayitOl()
 9 SYSTEMPATH\CodeIgniter.php(502): CodeIgniter\CodeIgniter->runController(Object(App\Controllers\User))
10 SYSTEMPATH\CodeIgniter.php(361): CodeIgniter\CodeIgniter->handleRequest(null, Object(Config\Cache), false)
11 FCPATH\index.php(79): CodeIgniter\CodeIgniter->run()
CRITICAL - 2024-03-07 19:43:40 --> [Caused by] mysqli_sql_exception: Duplicate entry 'sedaaaaa@gmail.com' for key 'Email'
in SYSTEMPATH\Database\MySQLi\Connection.php on line 306.
 1 SYSTEMPATH\Database\MySQLi\Connection.php(306): mysqli->query('INSERT INTO `yolcular` (`Email`, `Sifre`, `Ad`, `Soyad`, `Telefon`, `Tc`, `Yas`, `Cinsiyet`) VALUES (\'sedaaaaa@gmail.com\', \'111\', \'aa\', \'aa\', \'0545555555\', \'11111116538\', 24, \'Erkek\')', 0)
 2 SYSTEMPATH\Database\BaseConnection.php(693): CodeIgniter\Database\MySQLi\Connection->execute('INSERT INTO `yolcular` (`Email`, `Sifre`, `Ad`, `Soyad`, `Telefon`, `Tc`, `Yas`, `Cinsiyet`) VALUES (\'sedaaaaa@gmail.com\', \'111\', \'aa\', \'aa\', \'0545555555\', \'11111116538\', 24, \'Erkek\')')
 3 SYSTEMPATH\Database\BaseConnection.php(607): CodeIgniter\Database\BaseConnection->simpleQuery('INSERT INTO `yolcular` (`Email`, `Sifre`, `Ad`, `Soyad`, `Telefon`, `Tc`, `Yas`, `Cinsiyet`) VALUES (\'sedaaaaa@gmail.com\', \'111\', \'aa\', \'aa\', \'0545555555\', \'11111116538\', 24, \'Erkek\')')
 4 SYSTEMPATH\Database\BaseBuilder.php(2307): CodeIgniter\Database\BaseConnection->query('INSERT INTO `yolcular` (`Email`, `Sifre`, `Ad`, `Soyad`, `Telefon`, `Tc`, `Yas`, `Cinsiyet`) VALUES (:Email:, :Sifre:, :Ad:, :Soyad:, :Telefon:, :Tc:, :Yas:, :Cinsiyet:)', [...], false)
 5 SYSTEMPATH\Model.php(326): CodeIgniter\Database\BaseBuilder->insert()
 6 SYSTEMPATH\BaseModel.php(802): CodeIgniter\Model->doInsert([...])
 7 SYSTEMPATH\Model.php(744): CodeIgniter\BaseModel->insert([...], true)
 8 APPPATH\Controllers\User.php(27): CodeIgniter\Model->insert([...])
 9 SYSTEMPATH\CodeIgniter.php(941): App\Controllers\User->kayitOl()
10 SYSTEMPATH\CodeIgniter.php(502): CodeIgniter\CodeIgniter->runController(Object(App\Controllers\User))
11 SYSTEMPATH\CodeIgniter.php(361): CodeIgniter\CodeIgniter->handleRequest(null, Object(Config\Cache), false)
12 FCPATH\index.php(79): CodeIgniter\CodeIgniter->run()
INFO - 2024-03-07 20:07:14 --> Session: Class initialized using 'CodeIgniter\Session\Handlers\FileHandler' driver.
INFO - 2024-03-07 20:07:38 --> Session: Class initialized using 'CodeIgniter\Session\Handlers\FileHandler' driver.
INFO - 2024-03-07 20:08:19 --> Session: Class initialized using 'CodeIgniter\Session\Handlers\FileHandler' driver.
INFO - 2024-03-07 20:10:52 --> Session: Class initialized using 'CodeIgniter\Session\Handlers\FileHandler' driver.
INFO - 2024-03-07 20:10:58 --> Session: Class initialized using 'CodeIgniter\Session\Handlers\FileHandler' driver.
INFO - 2024-03-07 20:11:02 --> Session: Class initialized using 'CodeIgniter\Session\Handlers\FileHandler' driver.
INFO - 2024-03-07 20:52:44 --> Session: Class initialized using 'CodeIgniter\Session\Handlers\FileHandler' driver.
CRITICAL - 2024-03-07 20:52:44 --> ErrorException: Undefined variable $sesssion
in APPPATH\Views\login.php on line 71.
 1 APPPATH\Views\login.php(71): CodeIgniter\Debug\Exceptions->errorHandler(2, 'Undefined variable $sesssion', 'C:\\xampp\\htdocs\\codeIgniter4\\app\\Views\\login.php', 71)
 2 SYSTEMPATH\View\View.php(228): include('C:\\xampp\\htdocs\\codeIgniter4\\app\\Views\\login.php')
 3 SYSTEMPATH\View\View.php(231): CodeIgniter\View\View->CodeIgniter\View\{closure}()
 4 SYSTEMPATH\Common.php(1178): CodeIgniter\View\View->render('login', [], true)
 5 APPPATH\Controllers\Home.php(49): view('login')
 6 SYSTEMPATH\CodeIgniter.php(941): App\Controllers\Home->login()
 7 SYSTEMPATH\CodeIgniter.php(502): CodeIgniter\CodeIgniter->runController(Object(App\Controllers\Home))
 8 SYSTEMPATH\CodeIgniter.php(361): CodeIgniter\CodeIgniter->handleRequest(null, Object(Config\Cache), false)
 9 FCPATH\index.php(79): CodeIgniter\CodeIgniter->run()
INFO - 2024-03-07 20:52:45 --> Session: Class initialized using 'CodeIgniter\Session\Handlers\FileHandler' driver.
CRITICAL - 2024-03-07 20:52:45 --> ErrorException: Undefined variable $sesssion
in APPPATH\Views\login.php on line 71.
 1 APPPATH\Views\login.php(71): CodeIgniter\Debug\Exceptions->errorHandler(2, 'Undefined variable $sesssion', 'C:\\xampp\\htdocs\\codeIgniter4\\app\\Views\\login.php', 71)
 2 SYSTEMPATH\View\View.php(228): include('C:\\xampp\\htdocs\\codeIgniter4\\app\\Views\\login.php')
 3 SYSTEMPATH\View\View.php(231): CodeIgniter\View\View->CodeIgniter\View\{closure}()
 4 SYSTEMPATH\Common.php(1178): CodeIgniter\View\View->render('login', [], true)
 5 APPPATH\Controllers\Home.php(49): view('login')
 6 SYSTEMPATH\CodeIgniter.php(941): App\Controllers\Home->login()
 7 SYSTEMPATH\CodeIgniter.php(502): CodeIgniter\CodeIgniter->runController(Object(App\Controllers\Home))
 8 SYSTEMPATH\CodeIgniter.php(361): CodeIgniter\CodeIgniter->handleRequest(null, Object(Config\Cache), false)
 9 FCPATH\index.php(79): CodeIgniter\CodeIgniter->run()
INFO - 2024-03-07 20:52:47 --> Session: Class initialized using 'CodeIgniter\Session\Handlers\FileHandler' driver.
CRITICAL - 2024-03-07 20:52:47 --> ErrorException: Undefined variable $sesssion
in APPPATH\Views\login.php on line 71.
 1 APPPATH\Views\login.php(71): CodeIgniter\Debug\Exceptions->errorHandler(2, 'Undefined variable $sesssion', 'C:\\xampp\\htdocs\\codeIgniter4\\app\\Views\\login.php', 71)
 2 SYSTEMPATH\View\View.php(228): include('C:\\xampp\\htdocs\\codeIgniter4\\app\\Views\\login.php')
 3 SYSTEMPATH\View\View.php(231): CodeIgniter\View\View->CodeIgniter\View\{closure}()
 4 SYSTEMPATH\Common.php(1178): CodeIgniter\View\View->render('login', [], true)
 5 APPPATH\Controllers\Home.php(49): view('login')
 6 SYSTEMPATH\CodeIgniter.php(941): App\Controllers\Home->login()
 7 SYSTEMPATH\CodeIgniter.php(502): CodeIgniter\CodeIgniter->runController(Object(App\Controllers\Home))
 8 SYSTEMPATH\CodeIgniter.php(361): CodeIgniter\CodeIgniter->handleRequest(null, Object(Config\Cache), false)
 9 FCPATH\index.php(79): CodeIgniter\CodeIgniter->run()
INFO - 2024-03-07 20:57:43 --> Session: Class initialized using 'CodeIgniter\Session\Handlers\FileHandler' driver.
CRITICAL - 2024-03-07 20:57:43 --> ErrorException: Undefined variable $sesssion
in APPPATH\Views\login.php on line 71.
 1 APPPATH\Views\login.php(71): CodeIgniter\Debug\Exceptions->errorHandler(2, 'Undefined variable $sesssion', 'C:\\xampp\\htdocs\\codeIgniter4\\app\\Views\\login.php', 71)
 2 SYSTEMPATH\View\View.php(228): include('C:\\xampp\\htdocs\\codeIgniter4\\app\\Views\\login.php')
 3 SYSTEMPATH\View\View.php(231): CodeIgniter\View\View->CodeIgniter\View\{closure}()
 4 SYSTEMPATH\Common.php(1178): CodeIgniter\View\View->render('login', [], true)
 5 APPPATH\Controllers\Home.php(49): view('login')
 6 SYSTEMPATH\CodeIgniter.php(941): App\Controllers\Home->login()
 7 SYSTEMPATH\CodeIgniter.php(502): CodeIgniter\CodeIgniter->runController(Object(App\Controllers\Home))
 8 SYSTEMPATH\CodeIgniter.php(361): CodeIgniter\CodeIgniter->handleRequest(null, Object(Config\Cache), false)
 9 FCPATH\index.php(79): CodeIgniter\CodeIgniter->run()
INFO - 2024-03-07 20:57:45 --> Session: Class initialized using 'CodeIgniter\Session\Handlers\FileHandler' driver.
CRITICAL - 2024-03-07 20:57:45 --> ErrorException: Undefined variable $sesssion
in APPPATH\Views\login.php on line 71.
 1 APPPATH\Views\login.php(71): CodeIgniter\Debug\Exceptions->errorHandler(2, 'Undefined variable $sesssion', 'C:\\xampp\\htdocs\\codeIgniter4\\app\\Views\\login.php', 71)
 2 SYSTEMPATH\View\View.php(228): include('C:\\xampp\\htdocs\\codeIgniter4\\app\\Views\\login.php')
 3 SYSTEMPATH\View\View.php(231): CodeIgniter\View\View->CodeIgniter\View\{closure}()
 4 SYSTEMPATH\Common.php(1178): CodeIgniter\View\View->render('login', [], true)
 5 APPPATH\Controllers\Home.php(49): view('login')
 6 SYSTEMPATH\CodeIgniter.php(941): App\Controllers\Home->login()
 7 SYSTEMPATH\CodeIgniter.php(502): CodeIgniter\CodeIgniter->runController(Object(App\Controllers\Home))
 8 SYSTEMPATH\CodeIgniter.php(361): CodeIgniter\CodeIgniter->handleRequest(null, Object(Config\Cache), false)
 9 FCPATH\index.php(79): CodeIgniter\CodeIgniter->run()
INFO - 2024-03-07 20:58:13 --> Session: Class initialized using 'CodeIgniter\Session\Handlers\FileHandler' driver.
INFO - 2024-03-07 20:58:20 --> Session: Class initialized using 'CodeIgniter\Session\Handlers\FileHandler' driver.
INFO - 2024-03-07 20:58:21 --> Session: Class initialized using 'CodeIgniter\Session\Handlers\FileHandler' driver.
CRITICAL - 2024-03-07 20:58:21 --> ErrorException: Undefined variable $sesssion
in APPPATH\Views\login.php on line 71.
 1 APPPATH\Views\login.php(71): CodeIgniter\Debug\Exceptions->errorHandler(2, 'Undefined variable $sesssion', 'C:\\xampp\\htdocs\\codeIgniter4\\app\\Views\\login.php', 71)
 2 SYSTEMPATH\View\View.php(228): include('C:\\xampp\\htdocs\\codeIgniter4\\app\\Views\\login.php')
 3 SYSTEMPATH\View\View.php(231): CodeIgniter\View\View->CodeIgniter\View\{closure}()
 4 SYSTEMPATH\Common.php(1178): CodeIgniter\View\View->render('login', [], true)
 5 APPPATH\Controllers\Home.php(49): view('login')
 6 SYSTEMPATH\CodeIgniter.php(941): App\Controllers\Home->login()
 7 SYSTEMPATH\CodeIgniter.php(502): CodeIgniter\CodeIgniter->runController(Object(App\Controllers\Home))
 8 SYSTEMPATH\CodeIgniter.php(361): CodeIgniter\CodeIgniter->handleRequest(null, Object(Config\Cache), false)
 9 FCPATH\index.php(79): CodeIgniter\CodeIgniter->run()
INFO - 2024-03-07 20:58:35 --> Session: Class initialized using 'CodeIgniter\Session\Handlers\FileHandler' driver.
INFO - 2024-03-07 20:58:40 --> Session: Class initialized using 'CodeIgniter\Session\Handlers\FileHandler' driver.
INFO - 2024-03-07 20:58:44 --> Session: Class initialized using 'CodeIgniter\Session\Handlers\FileHandler' driver.
INFO - 2024-03-07 20:59:10 --> Session: Class initialized using 'CodeIgniter\Session\Handlers\FileHandler' driver.
INFO - 2024-03-07 21:00:44 --> Session: Class initialized using 'CodeIgniter\Session\Handlers\FileHandler' driver.
INFO - 2024-03-07 21:00:57 --> Session: Class initialized using 'CodeIgniter\Session\Handlers\FileHandler' driver.
INFO - 2024-03-07 21:00:58 --> Session: Class initialized using 'CodeIgniter\Session\Handlers\FileHandler' driver.
INFO - 2024-03-07 21:01:00 --> Session: Class initialized using 'CodeIgniter\Session\Handlers\FileHandler' driver.
INFO - 2024-03-07 21:01:53 --> Session: Class initialized using 'CodeIgniter\Session\Handlers\FileHandler' driver.
INFO - 2024-03-07 21:02:14 --> Session: Class initialized using 'CodeIgniter\Session\Handlers\FileHandler' driver.
INFO - 2024-03-07 21:02:15 --> Session: Class initialized using 'CodeIgniter\Session\Handlers\FileHandler' driver.
INFO - 2024-03-07 21:02:20 --> Session: Class initialized using 'CodeIgniter\Session\Handlers\FileHandler' driver.
INFO - 2024-03-07 21:02:27 --> Session: Class initialized using 'CodeIgniter\Session\Handlers\FileHandler' driver.
INFO - 2024-03-07 21:02:52 --> Session: Class initialized using 'CodeIgniter\Session\Handlers\FileHandler' driver.
INFO - 2024-03-07 21:02:57 --> Session: Class initialized using 'CodeIgniter\Session\Handlers\FileHandler' driver.
INFO - 2024-03-07 21:03:05 --> Session: Class initialized using 'CodeIgniter\Session\Handlers\FileHandler' driver.
INFO - 2024-03-07 21:03:10 --> Session: Class initialized using 'CodeIgniter\Session\Handlers\FileHandler' driver.
INFO - 2024-03-07 21:03:14 --> Session: Class initialized using 'CodeIgniter\Session\Handlers\FileHandler' driver.
INFO - 2024-03-07 21:03:24 --> Session: Class initialized using 'CodeIgniter\Session\Handlers\FileHandler' driver.
INFO - 2024-03-07 21:03:29 --> Session: Class initialized using 'CodeIgniter\Session\Handlers\FileHandler' driver.
INFO - 2024-03-07 21:05:24 --> Session: Class initialized using 'CodeIgniter\Session\Handlers\FileHandler' driver.
INFO - 2024-03-07 21:05:53 --> Session: Class initialized using 'CodeIgniter\Session\Handlers\FileHandler' driver.
INFO - 2024-03-07 21:06:37 --> Session: Class initialized using 'CodeIgniter\Session\Handlers\FileHandler' driver.
INFO - 2024-03-07 21:06:40 --> Session: Class initialized using 'CodeIgniter\Session\Handlers\FileHandler' driver.
INFO - 2024-03-07 21:06:40 --> Session: Class initialized using 'CodeIgniter\Session\Handlers\FileHandler' driver.
INFO - 2024-03-07 21:06:41 --> Session: Class initialized using 'CodeIgniter\Session\Handlers\FileHandler' driver.
INFO - 2024-03-07 21:06:42 --> Session: Class initialized using 'CodeIgniter\Session\Handlers\FileHandler' driver.
INFO - 2024-03-07 21:06:42 --> Session: Class initialized using 'CodeIgniter\Session\Handlers\FileHandler' driver.
INFO - 2024-03-07 21:06:43 --> Session: Class initialized using 'CodeIgniter\Session\Handlers\FileHandler' driver.
INFO - 2024-03-07 21:06:50 --> Session: Class initialized using 'CodeIgniter\Session\Handlers\FileHandler' driver.
INFO - 2024-03-07 21:08:48 --> Session: Class initialized using 'CodeIgniter\Session\Handlers\FileHandler' driver.
INFO - 2024-03-07 21:09:33 --> Session: Class initialized using 'CodeIgniter\Session\Handlers\FileHandler' driver.
INFO - 2024-03-07 21:09:40 --> Session: Class initialized using 'CodeIgniter\Session\Handlers\FileHandler' driver.
INFO - 2024-03-07 21:09:42 --> Session: Class initialized using 'CodeIgniter\Session\Handlers\FileHandler' driver.
INFO - 2024-03-07 21:09:45 --> Session: Class initialized using 'CodeIgniter\Session\Handlers\FileHandler' driver.
INFO - 2024-03-07 21:09:50 --> Session: Class initialized using 'CodeIgniter\Session\Handlers\FileHandler' driver.
INFO - 2024-03-07 21:10:05 --> Session: Class initialized using 'CodeIgniter\Session\Handlers\FileHandler' driver.
INFO - 2024-03-07 21:10:41 --> Session: Class initialized using 'CodeIgniter\Session\Handlers\FileHandler' driver.
INFO - 2024-03-07 21:10:43 --> Session: Class initialized using 'CodeIgniter\Session\Handlers\FileHandler' driver.
INFO - 2024-03-07 21:10:47 --> Session: Class initialized using 'CodeIgniter\Session\Handlers\FileHandler' driver.
INFO - 2024-03-07 21:10:55 --> Session: Class initialized using 'CodeIgniter\Session\Handlers\FileHandler' driver.
INFO - 2024-03-07 21:10:59 --> Session: Class initialized using 'CodeIgniter\Session\Handlers\FileHandler' driver.
INFO - 2024-03-07 21:11:02 --> Session: Class initialized using 'CodeIgniter\Session\Handlers\FileHandler' driver.
INFO - 2024-03-07 21:11:06 --> Session: Class initialized using 'CodeIgniter\Session\Handlers\FileHandler' driver.
INFO - 2024-03-07 21:11:13 --> Session: Class initialized using 'CodeIgniter\Session\Handlers\FileHandler' driver.
INFO - 2024-03-07 21:11:33 --> Session: Class initialized using 'CodeIgniter\Session\Handlers\FileHandler' driver.
