CRITICAL - 2024-03-05 20:37:44 --> CodeIgniter\Exceptions\FrameworkException: The framework needs the following extension(s) installed and loaded: intl.
in SYSTEMPATH\CodeIgniter.php on line 252.
 1 SYSTEMPATH\CodeIgniter.php(252): CodeIgniter\Exceptions\FrameworkException::forMissingExtension('intl')
 2 SYSTEMPATH\CodeIgniter.php(214): CodeIgniter\CodeIgniter->resolvePlatformExtensions()
 3 FCPATH\index.php(67): CodeIgniter\CodeIgniter->initialize()
CRITICAL - 2024-03-05 20:37:50 --> CodeIgniter\Exceptions\FrameworkException: The framework needs the following extension(s) installed and loaded: intl.
in SYSTEMPATH\CodeIgniter.php on line 252.
 1 SYSTEMPATH\CodeIgniter.php(252): CodeIgniter\Exceptions\FrameworkException::forMissingExtension('intl')
 2 SYSTEMPATH\CodeIgniter.php(214): CodeIgniter\CodeIgniter->resolvePlatformExtensions()
 3 FCPATH\index.php(67): CodeIgniter\CodeIgniter->initialize()
CRITICAL - 2024-03-05 20:37:50 --> CodeIgniter\Exceptions\FrameworkException: The framework needs the following extension(s) installed and loaded: intl.
in SYSTEMPATH\CodeIgniter.php on line 252.
 1 SYSTEMPATH\CodeIgniter.php(252): CodeIgniter\Exceptions\FrameworkException::forMissingExtension('intl')
 2 SYSTEMPATH\CodeIgniter.php(214): CodeIgniter\CodeIgniter->resolvePlatformExtensions()
 3 FCPATH\index.php(67): CodeIgniter\CodeIgniter->initialize()
CRITICAL - 2024-03-05 20:37:53 --> CodeIgniter\Exceptions\FrameworkException: The framework needs the following extension(s) installed and loaded: intl.
in SYSTEMPATH\CodeIgniter.php on line 252.
 1 SYSTEMPATH\CodeIgniter.php(252): CodeIgniter\Exceptions\FrameworkException::forMissingExtension('intl')
 2 SYSTEMPATH\CodeIgniter.php(214): CodeIgniter\CodeIgniter->resolvePlatformExtensions()
 3 FCPATH\index.php(67): CodeIgniter\CodeIgniter->initialize()
CRITICAL - 2024-03-05 20:38:04 --> CodeIgniter\Exceptions\FrameworkException: The framework needs the following extension(s) installed and loaded: intl.
in SYSTEMPATH\CodeIgniter.php on line 252.
 1 SYSTEMPATH\CodeIgniter.php(252): CodeIgniter\Exceptions\FrameworkException::forMissingExtension('intl')
 2 SYSTEMPATH\CodeIgniter.php(214): CodeIgniter\CodeIgniter->resolvePlatformExtensions()
 3 FCPATH\index.php(67): CodeIgniter\CodeIgniter->initialize()
CRITICAL - 2024-03-05 20:38:25 --> CodeIgniter\Exceptions\FrameworkException: The framework needs the following extension(s) installed and loaded: intl.
in SYSTEMPATH\CodeIgniter.php on line 252.
 1 SYSTEMPATH\CodeIgniter.php(252): CodeIgniter\Exceptions\FrameworkException::forMissingExtension('intl')
 2 SYSTEMPATH\CodeIgniter.php(214): CodeIgniter\CodeIgniter->resolvePlatformExtensions()
 3 FCPATH\index.php(67): CodeIgniter\CodeIgniter->initialize()
CRITICAL - 2024-03-05 20:39:14 --> CodeIgniter\Exceptions\FrameworkException: The framework needs the following extension(s) installed and loaded: intl.
in SYSTEMPATH\CodeIgniter.php on line 252.
 1 SYSTEMPATH\CodeIgniter.php(252): CodeIgniter\Exceptions\FrameworkException::forMissingExtension('intl')
 2 SYSTEMPATH\CodeIgniter.php(214): CodeIgniter\CodeIgniter->resolvePlatformExtensions()
 3 FCPATH\index.php(67): CodeIgniter\CodeIgniter->initialize()
CRITICAL - 2024-03-05 20:39:20 --> CodeIgniter\Exceptions\FrameworkException: The framework needs the following extension(s) installed and loaded: intl.
in SYSTEMPATH\CodeIgniter.php on line 252.
 1 SYSTEMPATH\CodeIgniter.php(252): CodeIgniter\Exceptions\FrameworkException::forMissingExtension('intl')
 2 SYSTEMPATH\CodeIgniter.php(214): CodeIgniter\CodeIgniter->resolvePlatformExtensions()
 3 FCPATH\index.php(67): CodeIgniter\CodeIgniter->initialize()
CRITICAL - 2024-03-05 20:39:22 --> CodeIgniter\Exceptions\FrameworkException: The framework needs the following extension(s) installed and loaded: intl.
in SYSTEMPATH\CodeIgniter.php on line 252.
 1 SYSTEMPATH\CodeIgniter.php(252): CodeIgniter\Exceptions\FrameworkException::forMissingExtension('intl')
 2 SYSTEMPATH\CodeIgniter.php(214): CodeIgniter\CodeIgniter->resolvePlatformExtensions()
 3 FCPATH\index.php(67): CodeIgniter\CodeIgniter->initialize()
CRITICAL - 2024-03-05 20:39:30 --> CodeIgniter\Exceptions\FrameworkException: The framework needs the following extension(s) installed and loaded: intl.
in SYSTEMPATH\CodeIgniter.php on line 252.
 1 SYSTEMPATH\CodeIgniter.php(252): CodeIgniter\Exceptions\FrameworkException::forMissingExtension('intl')
 2 SYSTEMPATH\CodeIgniter.php(214): CodeIgniter\CodeIgniter->resolvePlatformExtensions()
 3 FCPATH\index.php(67): CodeIgniter\CodeIgniter->initialize()
CRITICAL - 2024-03-05 20:40:35 --> CodeIgniter\Exceptions\FrameworkException: The framework needs the following extension(s) installed and loaded: intl.
in SYSTEMPATH\CodeIgniter.php on line 252.
 1 SYSTEMPATH\CodeIgniter.php(252): CodeIgniter\Exceptions\FrameworkException::forMissingExtension('intl')
 2 SYSTEMPATH\CodeIgniter.php(214): CodeIgniter\CodeIgniter->resolvePlatformExtensions()
 3 FCPATH\index.php(67): CodeIgniter\CodeIgniter->initialize()
CRITICAL - 2024-03-05 20:40:35 --> CodeIgniter\Exceptions\FrameworkException: The framework needs the following extension(s) installed and loaded: intl.
in SYSTEMPATH\CodeIgniter.php on line 252.
 1 SYSTEMPATH\CodeIgniter.php(252): CodeIgniter\Exceptions\FrameworkException::forMissingExtension('intl')
 2 SYSTEMPATH\CodeIgniter.php(214): CodeIgniter\CodeIgniter->resolvePlatformExtensions()
 3 FCPATH\index.php(67): CodeIgniter\CodeIgniter->initialize()
CRITICAL - 2024-03-05 20:40:36 --> CodeIgniter\Exceptions\FrameworkException: The framework needs the following extension(s) installed and loaded: intl.
in SYSTEMPATH\CodeIgniter.php on line 252.
 1 SYSTEMPATH\CodeIgniter.php(252): CodeIgniter\Exceptions\FrameworkException::forMissingExtension('intl')
 2 SYSTEMPATH\CodeIgniter.php(214): CodeIgniter\CodeIgniter->resolvePlatformExtensions()
 3 FCPATH\index.php(67): CodeIgniter\CodeIgniter->initialize()
CRITICAL - 2024-03-05 20:40:36 --> CodeIgniter\Exceptions\FrameworkException: The framework needs the following extension(s) installed and loaded: intl.
in SYSTEMPATH\CodeIgniter.php on line 252.
 1 SYSTEMPATH\CodeIgniter.php(252): CodeIgniter\Exceptions\FrameworkException::forMissingExtension('intl')
 2 SYSTEMPATH\CodeIgniter.php(214): CodeIgniter\CodeIgniter->resolvePlatformExtensions()
 3 FCPATH\index.php(67): CodeIgniter\CodeIgniter->initialize()
CRITICAL - 2024-03-05 20:40:57 --> CodeIgniter\Exceptions\FrameworkException: The framework needs the following extension(s) installed and loaded: intl.
in SYSTEMPATH\CodeIgniter.php on line 252.
 1 SYSTEMPATH\CodeIgniter.php(252): CodeIgniter\Exceptions\FrameworkException::forMissingExtension('intl')
 2 SYSTEMPATH\CodeIgniter.php(214): CodeIgniter\CodeIgniter->resolvePlatformExtensions()
 3 FCPATH\index.php(67): CodeIgniter\CodeIgniter->initialize()
CRITICAL - 2024-03-05 20:42:47 --> CodeIgniter\Exceptions\FrameworkException: The framework needs the following extension(s) installed and loaded: intl.
in SYSTEMPATH\CodeIgniter.php on line 252.
 1 SYSTEMPATH\CodeIgniter.php(252): CodeIgniter\Exceptions\FrameworkException::forMissingExtension('intl')
 2 SYSTEMPATH\CodeIgniter.php(214): CodeIgniter\CodeIgniter->resolvePlatformExtensions()
 3 FCPATH\index.php(67): CodeIgniter\CodeIgniter->initialize()
CRITICAL - 2024-03-05 20:43:49 --> CodeIgniter\Exceptions\FrameworkException: The framework needs the following extension(s) installed and loaded: intl.
in SYSTEMPATH\CodeIgniter.php on line 252.
 1 SYSTEMPATH\CodeIgniter.php(252): CodeIgniter\Exceptions\FrameworkException::forMissingExtension('intl')
 2 SYSTEMPATH\CodeIgniter.php(214): CodeIgniter\CodeIgniter->resolvePlatformExtensions()
 3 FCPATH\index.php(67): CodeIgniter\CodeIgniter->initialize()
ERROR - 2024-03-05 19:44:19 --> Error connecting to the database: mysqli_sql_exception: Hedef makine etkin olarak reddettiğinden bağlantı kurulamadı in C:\xampp\htdocs\codeIgniter4\system\Database\MySQLi\Connection.php:184
Stack trace:
#0 C:\xampp\htdocs\codeIgniter4\system\Database\MySQLi\Connection.php(184): mysqli->real_connect('localhost', 'root', Object(SensitiveParameterValue), 'umuttepe', 3306, '', 0)
#1 C:\xampp\htdocs\codeIgniter4\system\Database\BaseConnection.php(392): CodeIgniter\Database\MySQLi\Connection->connect(false)
#2 C:\xampp\htdocs\codeIgniter4\system\Database\BaseConnection.php(575): CodeIgniter\Database\BaseConnection->initialize()
#3 C:\xampp\htdocs\codeIgniter4\app\Controllers\Home.php(13): CodeIgniter\Database\BaseConnection->query('SELECT * FROM y...')
#4 C:\xampp\htdocs\codeIgniter4\system\CodeIgniter.php(941): App\Controllers\Home->index()
#5 C:\xampp\htdocs\codeIgniter4\system\CodeIgniter.php(502): CodeIgniter\CodeIgniter->runController(Object(App\Controllers\Home))
#6 C:\xampp\htdocs\codeIgniter4\system\CodeIgniter.php(361): CodeIgniter\CodeIgniter->handleRequest(NULL, Object(Config\Cache), false)
#7 C:\xampp\htdocs\codeIgniter4\public\index.php(79): CodeIgniter\CodeIgniter->run()
#8 {main}

Next CodeIgniter\Database\Exceptions\DatabaseException: Hedef makine etkin olarak reddettiğinden bağlantı kurulamadı in C:\xampp\htdocs\codeIgniter4\system\Database\MySQLi\Connection.php:229
Stack trace:
#0 C:\xampp\htdocs\codeIgniter4\system\Database\BaseConnection.php(392): CodeIgniter\Database\MySQLi\Connection->connect(false)
#1 C:\xampp\htdocs\codeIgniter4\system\Database\BaseConnection.php(575): CodeIgniter\Database\BaseConnection->initialize()
#2 C:\xampp\htdocs\codeIgniter4\app\Controllers\Home.php(13): CodeIgniter\Database\BaseConnection->query('SELECT * FROM y...')
#3 C:\xampp\htdocs\codeIgniter4\system\CodeIgniter.php(941): App\Controllers\Home->index()
#4 C:\xampp\htdocs\codeIgniter4\system\CodeIgniter.php(502): CodeIgniter\CodeIgniter->runController(Object(App\Controllers\Home))
#5 C:\xampp\htdocs\codeIgniter4\system\CodeIgniter.php(361): CodeIgniter\CodeIgniter->handleRequest(NULL, Object(Config\Cache), false)
#6 C:\xampp\htdocs\codeIgniter4\public\index.php(79): CodeIgniter\CodeIgniter->run()
#7 {main}
CRITICAL - 2024-03-05 19:44:19 --> CodeIgniter\Database\Exceptions\DatabaseException: Unable to connect to the database.
Main connection [MySQLi]: Hedef makine etkin olarak reddettiğinden bağlantı kurulamadı
in SYSTEMPATH\Database\BaseConnection.php on line 428.
 1 SYSTEMPATH\Database\BaseConnection.php(575): CodeIgniter\Database\BaseConnection->initialize()
 2 APPPATH\Controllers\Home.php(13): CodeIgniter\Database\BaseConnection->query('SELECT * FROM yolcular')
 3 SYSTEMPATH\CodeIgniter.php(941): App\Controllers\Home->index()
 4 SYSTEMPATH\CodeIgniter.php(502): CodeIgniter\CodeIgniter->runController(Object(App\Controllers\Home))
 5 SYSTEMPATH\CodeIgniter.php(361): CodeIgniter\CodeIgniter->handleRequest(null, Object(Config\Cache), false)
 6 FCPATH\index.php(79): CodeIgniter\CodeIgniter->run()
ERROR - 2024-03-05 19:44:39 --> Error connecting to the database: mysqli_sql_exception: Hedef makine etkin olarak reddettiğinden bağlantı kurulamadı in C:\xampp\htdocs\codeIgniter4\system\Database\MySQLi\Connection.php:184
Stack trace:
#0 C:\xampp\htdocs\codeIgniter4\system\Database\MySQLi\Connection.php(184): mysqli->real_connect('localhost', 'root', Object(SensitiveParameterValue), 'umuttepe', 3306, '', 0)
#1 C:\xampp\htdocs\codeIgniter4\system\Database\BaseConnection.php(392): CodeIgniter\Database\MySQLi\Connection->connect(false)
#2 C:\xampp\htdocs\codeIgniter4\system\Database\BaseConnection.php(575): CodeIgniter\Database\BaseConnection->initialize()
#3 C:\xampp\htdocs\codeIgniter4\app\Controllers\Home.php(13): CodeIgniter\Database\BaseConnection->query('SELECT * FROM y...')
#4 C:\xampp\htdocs\codeIgniter4\system\CodeIgniter.php(941): App\Controllers\Home->index()
#5 C:\xampp\htdocs\codeIgniter4\system\CodeIgniter.php(502): CodeIgniter\CodeIgniter->runController(Object(App\Controllers\Home))
#6 C:\xampp\htdocs\codeIgniter4\system\CodeIgniter.php(361): CodeIgniter\CodeIgniter->handleRequest(NULL, Object(Config\Cache), false)
#7 C:\xampp\htdocs\codeIgniter4\public\index.php(79): CodeIgniter\CodeIgniter->run()
#8 {main}

Next CodeIgniter\Database\Exceptions\DatabaseException: Hedef makine etkin olarak reddettiğinden bağlantı kurulamadı in C:\xampp\htdocs\codeIgniter4\system\Database\MySQLi\Connection.php:229
Stack trace:
#0 C:\xampp\htdocs\codeIgniter4\system\Database\BaseConnection.php(392): CodeIgniter\Database\MySQLi\Connection->connect(false)
#1 C:\xampp\htdocs\codeIgniter4\system\Database\BaseConnection.php(575): CodeIgniter\Database\BaseConnection->initialize()
#2 C:\xampp\htdocs\codeIgniter4\app\Controllers\Home.php(13): CodeIgniter\Database\BaseConnection->query('SELECT * FROM y...')
#3 C:\xampp\htdocs\codeIgniter4\system\CodeIgniter.php(941): App\Controllers\Home->index()
#4 C:\xampp\htdocs\codeIgniter4\system\CodeIgniter.php(502): CodeIgniter\CodeIgniter->runController(Object(App\Controllers\Home))
#5 C:\xampp\htdocs\codeIgniter4\system\CodeIgniter.php(361): CodeIgniter\CodeIgniter->handleRequest(NULL, Object(Config\Cache), false)
#6 C:\xampp\htdocs\codeIgniter4\public\index.php(79): CodeIgniter\CodeIgniter->run()
#7 {main}
CRITICAL - 2024-03-05 19:44:39 --> CodeIgniter\Database\Exceptions\DatabaseException: Unable to connect to the database.
Main connection [MySQLi]: Hedef makine etkin olarak reddettiğinden bağlantı kurulamadı
in SYSTEMPATH\Database\BaseConnection.php on line 428.
 1 SYSTEMPATH\Database\BaseConnection.php(575): CodeIgniter\Database\BaseConnection->initialize()
 2 APPPATH\Controllers\Home.php(13): CodeIgniter\Database\BaseConnection->query('SELECT * FROM yolcular')
 3 SYSTEMPATH\CodeIgniter.php(941): App\Controllers\Home->index()
 4 SYSTEMPATH\CodeIgniter.php(502): CodeIgniter\CodeIgniter->runController(Object(App\Controllers\Home))
 5 SYSTEMPATH\CodeIgniter.php(361): CodeIgniter\CodeIgniter->handleRequest(null, Object(Config\Cache), false)
 6 FCPATH\index.php(79): CodeIgniter\CodeIgniter->run()
ERROR - 2024-03-05 19:45:10 --> Error connecting to the database: mysqli_sql_exception: Hedef makine etkin olarak reddettiğinden bağlantı kurulamadı in C:\xampp\htdocs\codeIgniter4\system\Database\MySQLi\Connection.php:184
Stack trace:
#0 C:\xampp\htdocs\codeIgniter4\system\Database\MySQLi\Connection.php(184): mysqli->real_connect('localhost', 'root', Object(SensitiveParameterValue), 'umuttepe', 3306, '', 0)
#1 C:\xampp\htdocs\codeIgniter4\system\Database\BaseConnection.php(392): CodeIgniter\Database\MySQLi\Connection->connect(false)
#2 C:\xampp\htdocs\codeIgniter4\system\Database\BaseConnection.php(575): CodeIgniter\Database\BaseConnection->initialize()
#3 C:\xampp\htdocs\codeIgniter4\app\Controllers\Home.php(13): CodeIgniter\Database\BaseConnection->query('SELECT * FROM y...')
#4 C:\xampp\htdocs\codeIgniter4\system\CodeIgniter.php(941): App\Controllers\Home->index()
#5 C:\xampp\htdocs\codeIgniter4\system\CodeIgniter.php(502): CodeIgniter\CodeIgniter->runController(Object(App\Controllers\Home))
#6 C:\xampp\htdocs\codeIgniter4\system\CodeIgniter.php(361): CodeIgniter\CodeIgniter->handleRequest(NULL, Object(Config\Cache), false)
#7 C:\xampp\htdocs\codeIgniter4\public\index.php(79): CodeIgniter\CodeIgniter->run()
#8 {main}

Next CodeIgniter\Database\Exceptions\DatabaseException: Hedef makine etkin olarak reddettiğinden bağlantı kurulamadı in C:\xampp\htdocs\codeIgniter4\system\Database\MySQLi\Connection.php:229
Stack trace:
#0 C:\xampp\htdocs\codeIgniter4\system\Database\BaseConnection.php(392): CodeIgniter\Database\MySQLi\Connection->connect(false)
#1 C:\xampp\htdocs\codeIgniter4\system\Database\BaseConnection.php(575): CodeIgniter\Database\BaseConnection->initialize()
#2 C:\xampp\htdocs\codeIgniter4\app\Controllers\Home.php(13): CodeIgniter\Database\BaseConnection->query('SELECT * FROM y...')
#3 C:\xampp\htdocs\codeIgniter4\system\CodeIgniter.php(941): App\Controllers\Home->index()
#4 C:\xampp\htdocs\codeIgniter4\system\CodeIgniter.php(502): CodeIgniter\CodeIgniter->runController(Object(App\Controllers\Home))
#5 C:\xampp\htdocs\codeIgniter4\system\CodeIgniter.php(361): CodeIgniter\CodeIgniter->handleRequest(NULL, Object(Config\Cache), false)
#6 C:\xampp\htdocs\codeIgniter4\public\index.php(79): CodeIgniter\CodeIgniter->run()
#7 {main}
CRITICAL - 2024-03-05 19:45:10 --> CodeIgniter\Database\Exceptions\DatabaseException: Unable to connect to the database.
Main connection [MySQLi]: Hedef makine etkin olarak reddettiğinden bağlantı kurulamadı
in SYSTEMPATH\Database\BaseConnection.php on line 428.
 1 SYSTEMPATH\Database\BaseConnection.php(575): CodeIgniter\Database\BaseConnection->initialize()
 2 APPPATH\Controllers\Home.php(13): CodeIgniter\Database\BaseConnection->query('SELECT * FROM yolcular')
 3 SYSTEMPATH\CodeIgniter.php(941): App\Controllers\Home->index()
 4 SYSTEMPATH\CodeIgniter.php(502): CodeIgniter\CodeIgniter->runController(Object(App\Controllers\Home))
 5 SYSTEMPATH\CodeIgniter.php(361): CodeIgniter\CodeIgniter->handleRequest(null, Object(Config\Cache), false)
 6 FCPATH\index.php(79): CodeIgniter\CodeIgniter->run()
CRITICAL - 2024-03-05 21:02:42 --> ErrorException: Undefined array key "registername"
in APPPATH\Views\register.php on line 145.
 1 APPPATH\Views\register.php(145): CodeIgniter\Debug\Exceptions->errorHandler(2, 'Undefined array key "registername"', 'C:\\xampp\\htdocs\\codeIgniter4\\app\\Views\\register.php', 145)
 2 SYSTEMPATH\View\View.php(228): include('C:\\xampp\\htdocs\\codeIgniter4\\app\\Views\\register.php')
 3 SYSTEMPATH\View\View.php(231): CodeIgniter\View\View->CodeIgniter\View\{closure}()
 4 SYSTEMPATH\Common.php(1178): CodeIgniter\View\View->render('register', [], true)
 5 APPPATH\Controllers\Home.php(51): view('register')
 6 SYSTEMPATH\CodeIgniter.php(941): App\Controllers\Home->register()
 7 SYSTEMPATH\CodeIgniter.php(502): CodeIgniter\CodeIgniter->runController(Object(App\Controllers\Home))
 8 SYSTEMPATH\CodeIgniter.php(361): CodeIgniter\CodeIgniter->handleRequest(null, Object(Config\Cache), false)
 9 FCPATH\index.php(79): CodeIgniter\CodeIgniter->run()
CRITICAL - 2024-03-05 21:02:44 --> ErrorException: Undefined array key "registername"
in APPPATH\Views\register.php on line 145.
 1 APPPATH\Views\register.php(145): CodeIgniter\Debug\Exceptions->errorHandler(2, 'Undefined array key "registername"', 'C:\\xampp\\htdocs\\codeIgniter4\\app\\Views\\register.php', 145)
 2 SYSTEMPATH\View\View.php(228): include('C:\\xampp\\htdocs\\codeIgniter4\\app\\Views\\register.php')
 3 SYSTEMPATH\View\View.php(231): CodeIgniter\View\View->CodeIgniter\View\{closure}()
 4 SYSTEMPATH\Common.php(1178): CodeIgniter\View\View->render('register', [], true)
 5 APPPATH\Controllers\Home.php(51): view('register')
 6 SYSTEMPATH\CodeIgniter.php(941): App\Controllers\Home->register()
 7 SYSTEMPATH\CodeIgniter.php(502): CodeIgniter\CodeIgniter->runController(Object(App\Controllers\Home))
 8 SYSTEMPATH\CodeIgniter.php(361): CodeIgniter\CodeIgniter->handleRequest(null, Object(Config\Cache), false)
 9 FCPATH\index.php(79): CodeIgniter\CodeIgniter->run()
CRITICAL - 2024-03-05 21:02:44 --> ErrorException: Undefined array key "registername"
in APPPATH\Views\register.php on line 145.
 1 APPPATH\Views\register.php(145): CodeIgniter\Debug\Exceptions->errorHandler(2, 'Undefined array key "registername"', 'C:\\xampp\\htdocs\\codeIgniter4\\app\\Views\\register.php', 145)
 2 SYSTEMPATH\View\View.php(228): include('C:\\xampp\\htdocs\\codeIgniter4\\app\\Views\\register.php')
 3 SYSTEMPATH\View\View.php(231): CodeIgniter\View\View->CodeIgniter\View\{closure}()
 4 SYSTEMPATH\Common.php(1178): CodeIgniter\View\View->render('register', [], true)
 5 APPPATH\Controllers\Home.php(51): view('register')
 6 SYSTEMPATH\CodeIgniter.php(941): App\Controllers\Home->register()
 7 SYSTEMPATH\CodeIgniter.php(502): CodeIgniter\CodeIgniter->runController(Object(App\Controllers\Home))
 8 SYSTEMPATH\CodeIgniter.php(361): CodeIgniter\CodeIgniter->handleRequest(null, Object(Config\Cache), false)
 9 FCPATH\index.php(79): CodeIgniter\CodeIgniter->run()
CRITICAL - 2024-03-05 21:02:45 --> ErrorException: Undefined array key "registername"
in APPPATH\Views\register.php on line 145.
 1 APPPATH\Views\register.php(145): CodeIgniter\Debug\Exceptions->errorHandler(2, 'Undefined array key "registername"', 'C:\\xampp\\htdocs\\codeIgniter4\\app\\Views\\register.php', 145)
 2 SYSTEMPATH\View\View.php(228): include('C:\\xampp\\htdocs\\codeIgniter4\\app\\Views\\register.php')
 3 SYSTEMPATH\View\View.php(231): CodeIgniter\View\View->CodeIgniter\View\{closure}()
 4 SYSTEMPATH\Common.php(1178): CodeIgniter\View\View->render('register', [], true)
 5 APPPATH\Controllers\Home.php(51): view('register')
 6 SYSTEMPATH\CodeIgniter.php(941): App\Controllers\Home->register()
 7 SYSTEMPATH\CodeIgniter.php(502): CodeIgniter\CodeIgniter->runController(Object(App\Controllers\Home))
 8 SYSTEMPATH\CodeIgniter.php(361): CodeIgniter\CodeIgniter->handleRequest(null, Object(Config\Cache), false)
 9 FCPATH\index.php(79): CodeIgniter\CodeIgniter->run()
CRITICAL - 2024-03-05 21:02:45 --> ErrorException: Undefined array key "registername"
in APPPATH\Views\register.php on line 145.
 1 APPPATH\Views\register.php(145): CodeIgniter\Debug\Exceptions->errorHandler(2, 'Undefined array key "registername"', 'C:\\xampp\\htdocs\\codeIgniter4\\app\\Views\\register.php', 145)
 2 SYSTEMPATH\View\View.php(228): include('C:\\xampp\\htdocs\\codeIgniter4\\app\\Views\\register.php')
 3 SYSTEMPATH\View\View.php(231): CodeIgniter\View\View->CodeIgniter\View\{closure}()
 4 SYSTEMPATH\Common.php(1178): CodeIgniter\View\View->render('register', [], true)
 5 APPPATH\Controllers\Home.php(51): view('register')
 6 SYSTEMPATH\CodeIgniter.php(941): App\Controllers\Home->register()
 7 SYSTEMPATH\CodeIgniter.php(502): CodeIgniter\CodeIgniter->runController(Object(App\Controllers\Home))
 8 SYSTEMPATH\CodeIgniter.php(361): CodeIgniter\CodeIgniter->handleRequest(null, Object(Config\Cache), false)
 9 FCPATH\index.php(79): CodeIgniter\CodeIgniter->run()
CRITICAL - 2024-03-05 21:02:50 --> ErrorException: Undefined array key "registername"
in APPPATH\Views\register.php on line 145.
 1 APPPATH\Views\register.php(145): CodeIgniter\Debug\Exceptions->errorHandler(2, 'Undefined array key "registername"', 'C:\\xampp\\htdocs\\codeIgniter4\\app\\Views\\register.php', 145)
 2 SYSTEMPATH\View\View.php(228): include('C:\\xampp\\htdocs\\codeIgniter4\\app\\Views\\register.php')
 3 SYSTEMPATH\View\View.php(231): CodeIgniter\View\View->CodeIgniter\View\{closure}()
 4 SYSTEMPATH\Common.php(1178): CodeIgniter\View\View->render('register', [], true)
 5 APPPATH\Controllers\Home.php(51): view('register')
 6 SYSTEMPATH\CodeIgniter.php(941): App\Controllers\Home->register()
 7 SYSTEMPATH\CodeIgniter.php(502): CodeIgniter\CodeIgniter->runController(Object(App\Controllers\Home))
 8 SYSTEMPATH\CodeIgniter.php(361): CodeIgniter\CodeIgniter->handleRequest(null, Object(Config\Cache), false)
 9 FCPATH\index.php(79): CodeIgniter\CodeIgniter->run()
CRITICAL - 2024-03-05 21:02:50 --> ErrorException: Undefined array key "registername"
in APPPATH\Views\register.php on line 145.
 1 APPPATH\Views\register.php(145): CodeIgniter\Debug\Exceptions->errorHandler(2, 'Undefined array key "registername"', 'C:\\xampp\\htdocs\\codeIgniter4\\app\\Views\\register.php', 145)
 2 SYSTEMPATH\View\View.php(228): include('C:\\xampp\\htdocs\\codeIgniter4\\app\\Views\\register.php')
 3 SYSTEMPATH\View\View.php(231): CodeIgniter\View\View->CodeIgniter\View\{closure}()
 4 SYSTEMPATH\Common.php(1178): CodeIgniter\View\View->render('register', [], true)
 5 APPPATH\Controllers\Home.php(51): view('register')
 6 SYSTEMPATH\CodeIgniter.php(941): App\Controllers\Home->register()
 7 SYSTEMPATH\CodeIgniter.php(502): CodeIgniter\CodeIgniter->runController(Object(App\Controllers\Home))
 8 SYSTEMPATH\CodeIgniter.php(361): CodeIgniter\CodeIgniter->handleRequest(null, Object(Config\Cache), false)
 9 FCPATH\index.php(79): CodeIgniter\CodeIgniter->run()
CRITICAL - 2024-03-05 21:02:50 --> ErrorException: Undefined array key "registername"
in APPPATH\Views\register.php on line 145.
 1 APPPATH\Views\register.php(145): CodeIgniter\Debug\Exceptions->errorHandler(2, 'Undefined array key "registername"', 'C:\\xampp\\htdocs\\codeIgniter4\\app\\Views\\register.php', 145)
 2 SYSTEMPATH\View\View.php(228): include('C:\\xampp\\htdocs\\codeIgniter4\\app\\Views\\register.php')
 3 SYSTEMPATH\View\View.php(231): CodeIgniter\View\View->CodeIgniter\View\{closure}()
 4 SYSTEMPATH\Common.php(1178): CodeIgniter\View\View->render('register', [], true)
 5 APPPATH\Controllers\Home.php(51): view('register')
 6 SYSTEMPATH\CodeIgniter.php(941): App\Controllers\Home->register()
 7 SYSTEMPATH\CodeIgniter.php(502): CodeIgniter\CodeIgniter->runController(Object(App\Controllers\Home))
 8 SYSTEMPATH\CodeIgniter.php(361): CodeIgniter\CodeIgniter->handleRequest(null, Object(Config\Cache), false)
 9 FCPATH\index.php(79): CodeIgniter\CodeIgniter->run()
CRITICAL - 2024-03-05 21:02:50 --> ErrorException: Undefined array key "registername"
in APPPATH\Views\register.php on line 145.
 1 APPPATH\Views\register.php(145): CodeIgniter\Debug\Exceptions->errorHandler(2, 'Undefined array key "registername"', 'C:\\xampp\\htdocs\\codeIgniter4\\app\\Views\\register.php', 145)
 2 SYSTEMPATH\View\View.php(228): include('C:\\xampp\\htdocs\\codeIgniter4\\app\\Views\\register.php')
 3 SYSTEMPATH\View\View.php(231): CodeIgniter\View\View->CodeIgniter\View\{closure}()
 4 SYSTEMPATH\Common.php(1178): CodeIgniter\View\View->render('register', [], true)
 5 APPPATH\Controllers\Home.php(51): view('register')
 6 SYSTEMPATH\CodeIgniter.php(941): App\Controllers\Home->register()
 7 SYSTEMPATH\CodeIgniter.php(502): CodeIgniter\CodeIgniter->runController(Object(App\Controllers\Home))
 8 SYSTEMPATH\CodeIgniter.php(361): CodeIgniter\CodeIgniter->handleRequest(null, Object(Config\Cache), false)
 9 FCPATH\index.php(79): CodeIgniter\CodeIgniter->run()
CRITICAL - 2024-03-05 21:03:26 --> ErrorException: Undefined array key "registername"
in APPPATH\Views\register.php on line 145.
 1 APPPATH\Views\register.php(145): CodeIgniter\Debug\Exceptions->errorHandler(2, 'Undefined array key "registername"', 'C:\\xampp\\htdocs\\codeIgniter4\\app\\Views\\register.php', 145)
 2 SYSTEMPATH\View\View.php(228): include('C:\\xampp\\htdocs\\codeIgniter4\\app\\Views\\register.php')
 3 SYSTEMPATH\View\View.php(231): CodeIgniter\View\View->CodeIgniter\View\{closure}()
 4 SYSTEMPATH\Common.php(1178): CodeIgniter\View\View->render('register', [], true)
 5 APPPATH\Controllers\Home.php(51): view('register')
 6 SYSTEMPATH\CodeIgniter.php(941): App\Controllers\Home->register()
 7 SYSTEMPATH\CodeIgniter.php(502): CodeIgniter\CodeIgniter->runController(Object(App\Controllers\Home))
 8 SYSTEMPATH\CodeIgniter.php(361): CodeIgniter\CodeIgniter->handleRequest(null, Object(Config\Cache), false)
 9 FCPATH\index.php(79): CodeIgniter\CodeIgniter->run()
CRITICAL - 2024-03-05 21:03:30 --> ErrorException: Undefined array key "registername"
in APPPATH\Views\register.php on line 145.
 1 APPPATH\Views\register.php(145): CodeIgniter\Debug\Exceptions->errorHandler(2, 'Undefined array key "registername"', 'C:\\xampp\\htdocs\\codeIgniter4\\app\\Views\\register.php', 145)
 2 SYSTEMPATH\View\View.php(228): include('C:\\xampp\\htdocs\\codeIgniter4\\app\\Views\\register.php')
 3 SYSTEMPATH\View\View.php(231): CodeIgniter\View\View->CodeIgniter\View\{closure}()
 4 SYSTEMPATH\Common.php(1178): CodeIgniter\View\View->render('register', [], true)
 5 APPPATH\Controllers\Home.php(51): view('register')
 6 SYSTEMPATH\CodeIgniter.php(941): App\Controllers\Home->register()
 7 SYSTEMPATH\CodeIgniter.php(502): CodeIgniter\CodeIgniter->runController(Object(App\Controllers\Home))
 8 SYSTEMPATH\CodeIgniter.php(361): CodeIgniter\CodeIgniter->handleRequest(null, Object(Config\Cache), false)
 9 FCPATH\index.php(79): CodeIgniter\CodeIgniter->run()
CRITICAL - 2024-03-05 21:04:06 --> ErrorException: Undefined array key "registername"
in APPPATH\Views\register.php on line 144.
 1 APPPATH\Views\register.php(144): CodeIgniter\Debug\Exceptions->errorHandler(2, 'Undefined array key "registername"', 'C:\\xampp\\htdocs\\codeIgniter4\\app\\Views\\register.php', 144)
 2 SYSTEMPATH\View\View.php(228): include('C:\\xampp\\htdocs\\codeIgniter4\\app\\Views\\register.php')
 3 SYSTEMPATH\View\View.php(231): CodeIgniter\View\View->CodeIgniter\View\{closure}()
 4 SYSTEMPATH\Common.php(1178): CodeIgniter\View\View->render('register', [], true)
 5 APPPATH\Controllers\Home.php(51): view('register')
 6 SYSTEMPATH\CodeIgniter.php(941): App\Controllers\Home->register()
 7 SYSTEMPATH\CodeIgniter.php(502): CodeIgniter\CodeIgniter->runController(Object(App\Controllers\Home))
 8 SYSTEMPATH\CodeIgniter.php(361): CodeIgniter\CodeIgniter->handleRequest(null, Object(Config\Cache), false)
 9 FCPATH\index.php(79): CodeIgniter\CodeIgniter->run()
CRITICAL - 2024-03-05 21:18:41 --> mysqli_sql_exception: Unknown database 'yolcular'
in APPPATH\Views\regConnect.php on line 7.
 1 APPPATH\Views\regConnect.php(7): mysqli_connect('localhost', 'root', Object(SensitiveParameterValue), 'yolcular')
 2 SYSTEMPATH\View\View.php(228): include('C:\\xampp\\htdocs\\codeIgniter4\\app\\Views\\regConnect.php')
 3 SYSTEMPATH\View\View.php(231): CodeIgniter\View\View->CodeIgniter\View\{closure}()
 4 SYSTEMPATH\Common.php(1178): CodeIgniter\View\View->render('regConnect', [], true)
 5 APPPATH\Controllers\Home.php(63): view('regConnect')
 6 SYSTEMPATH\CodeIgniter.php(941): App\Controllers\Home->regConnect()
 7 SYSTEMPATH\CodeIgniter.php(502): CodeIgniter\CodeIgniter->runController(Object(App\Controllers\Home))
 8 SYSTEMPATH\CodeIgniter.php(361): CodeIgniter\CodeIgniter->handleRequest(null, Object(Config\Cache), false)
 9 FCPATH\index.php(79): CodeIgniter\CodeIgniter->run()
CRITICAL - 2024-03-05 21:18:42 --> mysqli_sql_exception: Unknown database 'yolcular'
in APPPATH\Views\regConnect.php on line 7.
 1 APPPATH\Views\regConnect.php(7): mysqli_connect('localhost', 'root', Object(SensitiveParameterValue), 'yolcular')
 2 SYSTEMPATH\View\View.php(228): include('C:\\xampp\\htdocs\\codeIgniter4\\app\\Views\\regConnect.php')
 3 SYSTEMPATH\View\View.php(231): CodeIgniter\View\View->CodeIgniter\View\{closure}()
 4 SYSTEMPATH\Common.php(1178): CodeIgniter\View\View->render('regConnect', [], true)
 5 APPPATH\Controllers\Home.php(63): view('regConnect')
 6 SYSTEMPATH\CodeIgniter.php(941): App\Controllers\Home->regConnect()
 7 SYSTEMPATH\CodeIgniter.php(502): CodeIgniter\CodeIgniter->runController(Object(App\Controllers\Home))
 8 SYSTEMPATH\CodeIgniter.php(361): CodeIgniter\CodeIgniter->handleRequest(null, Object(Config\Cache), false)
 9 FCPATH\index.php(79): CodeIgniter\CodeIgniter->run()
CRITICAL - 2024-03-05 21:18:42 --> mysqli_sql_exception: Unknown database 'yolcular'
in APPPATH\Views\regConnect.php on line 7.
 1 APPPATH\Views\regConnect.php(7): mysqli_connect('localhost', 'root', Object(SensitiveParameterValue), 'yolcular')
 2 SYSTEMPATH\View\View.php(228): include('C:\\xampp\\htdocs\\codeIgniter4\\app\\Views\\regConnect.php')
 3 SYSTEMPATH\View\View.php(231): CodeIgniter\View\View->CodeIgniter\View\{closure}()
 4 SYSTEMPATH\Common.php(1178): CodeIgniter\View\View->render('regConnect', [], true)
 5 APPPATH\Controllers\Home.php(63): view('regConnect')
 6 SYSTEMPATH\CodeIgniter.php(941): App\Controllers\Home->regConnect()
 7 SYSTEMPATH\CodeIgniter.php(502): CodeIgniter\CodeIgniter->runController(Object(App\Controllers\Home))
 8 SYSTEMPATH\CodeIgniter.php(361): CodeIgniter\CodeIgniter->handleRequest(null, Object(Config\Cache), false)
 9 FCPATH\index.php(79): CodeIgniter\CodeIgniter->run()
CRITICAL - 2024-03-05 21:19:32 --> Error: Call to undefined function set_charset()
in APPPATH\Views\regConnect.php on line 8.
 1 SYSTEMPATH\View\View.php(228): include()
 2 SYSTEMPATH\View\View.php(231): CodeIgniter\View\View->CodeIgniter\View\{closure}()
 3 SYSTEMPATH\Common.php(1178): CodeIgniter\View\View->render('regConnect', [], true)
 4 APPPATH\Controllers\Home.php(63): view('regConnect')
 5 SYSTEMPATH\CodeIgniter.php(941): App\Controllers\Home->regConnect()
 6 SYSTEMPATH\CodeIgniter.php(502): CodeIgniter\CodeIgniter->runController(Object(App\Controllers\Home))
 7 SYSTEMPATH\CodeIgniter.php(361): CodeIgniter\CodeIgniter->handleRequest(null, Object(Config\Cache), false)
 8 FCPATH\index.php(79): CodeIgniter\CodeIgniter->run()
CRITICAL - 2024-03-05 21:20:29 --> Error: Call to undefined function set_charset()
in APPPATH\Views\regConnect.php on line 8.
 1 SYSTEMPATH\View\View.php(228): include()
 2 SYSTEMPATH\View\View.php(231): CodeIgniter\View\View->CodeIgniter\View\{closure}()
 3 SYSTEMPATH\Common.php(1178): CodeIgniter\View\View->render('regConnect', [], true)
 4 APPPATH\Controllers\Home.php(63): view('regConnect')
 5 SYSTEMPATH\CodeIgniter.php(941): App\Controllers\Home->regConnect()
 6 SYSTEMPATH\CodeIgniter.php(502): CodeIgniter\CodeIgniter->runController(Object(App\Controllers\Home))
 7 SYSTEMPATH\CodeIgniter.php(361): CodeIgniter\CodeIgniter->handleRequest(null, Object(Config\Cache), false)
 8 FCPATH\index.php(79): CodeIgniter\CodeIgniter->run()
CRITICAL - 2024-03-05 21:21:13 --> Error: Call to undefined function set_charset()
in APPPATH\Views\regConnect.php on line 8.
 1 SYSTEMPATH\View\View.php(228): include()
 2 SYSTEMPATH\View\View.php(231): CodeIgniter\View\View->CodeIgniter\View\{closure}()
 3 SYSTEMPATH\Common.php(1178): CodeIgniter\View\View->render('regConnect', [], true)
 4 APPPATH\Controllers\Home.php(63): view('regConnect')
 5 SYSTEMPATH\CodeIgniter.php(941): App\Controllers\Home->regConnect()
 6 SYSTEMPATH\CodeIgniter.php(502): CodeIgniter\CodeIgniter->runController(Object(App\Controllers\Home))
 7 SYSTEMPATH\CodeIgniter.php(361): CodeIgniter\CodeIgniter->handleRequest(null, Object(Config\Cache), false)
 8 FCPATH\index.php(79): CodeIgniter\CodeIgniter->run()
CRITICAL - 2024-03-05 21:21:17 --> Error: Call to undefined function set_charset()
in APPPATH\Views\regConnect.php on line 8.
 1 SYSTEMPATH\View\View.php(228): include()
 2 SYSTEMPATH\View\View.php(231): CodeIgniter\View\View->CodeIgniter\View\{closure}()
 3 SYSTEMPATH\Common.php(1178): CodeIgniter\View\View->render('regConnect', [], true)
 4 APPPATH\Controllers\Home.php(63): view('regConnect')
 5 SYSTEMPATH\CodeIgniter.php(941): App\Controllers\Home->regConnect()
 6 SYSTEMPATH\CodeIgniter.php(502): CodeIgniter\CodeIgniter->runController(Object(App\Controllers\Home))
 7 SYSTEMPATH\CodeIgniter.php(361): CodeIgniter\CodeIgniter->handleRequest(null, Object(Config\Cache), false)
 8 FCPATH\index.php(79): CodeIgniter\CodeIgniter->run()
CRITICAL - 2024-03-05 21:21:18 --> Error: Call to undefined function set_charset()
in APPPATH\Views\regConnect.php on line 8.
 1 SYSTEMPATH\View\View.php(228): include()
 2 SYSTEMPATH\View\View.php(231): CodeIgniter\View\View->CodeIgniter\View\{closure}()
 3 SYSTEMPATH\Common.php(1178): CodeIgniter\View\View->render('regConnect', [], true)
 4 APPPATH\Controllers\Home.php(63): view('regConnect')
 5 SYSTEMPATH\CodeIgniter.php(941): App\Controllers\Home->regConnect()
 6 SYSTEMPATH\CodeIgniter.php(502): CodeIgniter\CodeIgniter->runController(Object(App\Controllers\Home))
 7 SYSTEMPATH\CodeIgniter.php(361): CodeIgniter\CodeIgniter->handleRequest(null, Object(Config\Cache), false)
 8 FCPATH\index.php(79): CodeIgniter\CodeIgniter->run()
CRITICAL - 2024-03-05 21:21:18 --> Error: Call to undefined function set_charset()
in APPPATH\Views\regConnect.php on line 8.
 1 SYSTEMPATH\View\View.php(228): include()
 2 SYSTEMPATH\View\View.php(231): CodeIgniter\View\View->CodeIgniter\View\{closure}()
 3 SYSTEMPATH\Common.php(1178): CodeIgniter\View\View->render('regConnect', [], true)
 4 APPPATH\Controllers\Home.php(63): view('regConnect')
 5 SYSTEMPATH\CodeIgniter.php(941): App\Controllers\Home->regConnect()
 6 SYSTEMPATH\CodeIgniter.php(502): CodeIgniter\CodeIgniter->runController(Object(App\Controllers\Home))
 7 SYSTEMPATH\CodeIgniter.php(361): CodeIgniter\CodeIgniter->handleRequest(null, Object(Config\Cache), false)
 8 FCPATH\index.php(79): CodeIgniter\CodeIgniter->run()
CRITICAL - 2024-03-05 21:21:19 --> Error: Call to undefined function set_charset()
in APPPATH\Views\regConnect.php on line 8.
 1 SYSTEMPATH\View\View.php(228): include()
 2 SYSTEMPATH\View\View.php(231): CodeIgniter\View\View->CodeIgniter\View\{closure}()
 3 SYSTEMPATH\Common.php(1178): CodeIgniter\View\View->render('regConnect', [], true)
 4 APPPATH\Controllers\Home.php(63): view('regConnect')
 5 SYSTEMPATH\CodeIgniter.php(941): App\Controllers\Home->regConnect()
 6 SYSTEMPATH\CodeIgniter.php(502): CodeIgniter\CodeIgniter->runController(Object(App\Controllers\Home))
 7 SYSTEMPATH\CodeIgniter.php(361): CodeIgniter\CodeIgniter->handleRequest(null, Object(Config\Cache), false)
 8 FCPATH\index.php(79): CodeIgniter\CodeIgniter->run()
CRITICAL - 2024-03-05 21:21:19 --> Error: Call to undefined function set_charset()
in APPPATH\Views\regConnect.php on line 8.
 1 SYSTEMPATH\View\View.php(228): include()
 2 SYSTEMPATH\View\View.php(231): CodeIgniter\View\View->CodeIgniter\View\{closure}()
 3 SYSTEMPATH\Common.php(1178): CodeIgniter\View\View->render('regConnect', [], true)
 4 APPPATH\Controllers\Home.php(63): view('regConnect')
 5 SYSTEMPATH\CodeIgniter.php(941): App\Controllers\Home->regConnect()
 6 SYSTEMPATH\CodeIgniter.php(502): CodeIgniter\CodeIgniter->runController(Object(App\Controllers\Home))
 7 SYSTEMPATH\CodeIgniter.php(361): CodeIgniter\CodeIgniter->handleRequest(null, Object(Config\Cache), false)
 8 FCPATH\index.php(79): CodeIgniter\CodeIgniter->run()
CRITICAL - 2024-03-05 21:21:19 --> Error: Call to undefined function set_charset()
in APPPATH\Views\regConnect.php on line 8.
 1 SYSTEMPATH\View\View.php(228): include()
 2 SYSTEMPATH\View\View.php(231): CodeIgniter\View\View->CodeIgniter\View\{closure}()
 3 SYSTEMPATH\Common.php(1178): CodeIgniter\View\View->render('regConnect', [], true)
 4 APPPATH\Controllers\Home.php(63): view('regConnect')
 5 SYSTEMPATH\CodeIgniter.php(941): App\Controllers\Home->regConnect()
 6 SYSTEMPATH\CodeIgniter.php(502): CodeIgniter\CodeIgniter->runController(Object(App\Controllers\Home))
 7 SYSTEMPATH\CodeIgniter.php(361): CodeIgniter\CodeIgniter->handleRequest(null, Object(Config\Cache), false)
 8 FCPATH\index.php(79): CodeIgniter\CodeIgniter->run()
CRITICAL - 2024-03-05 21:21:19 --> Error: Call to undefined function set_charset()
in APPPATH\Views\regConnect.php on line 8.
 1 SYSTEMPATH\View\View.php(228): include()
 2 SYSTEMPATH\View\View.php(231): CodeIgniter\View\View->CodeIgniter\View\{closure}()
 3 SYSTEMPATH\Common.php(1178): CodeIgniter\View\View->render('regConnect', [], true)
 4 APPPATH\Controllers\Home.php(63): view('regConnect')
 5 SYSTEMPATH\CodeIgniter.php(941): App\Controllers\Home->regConnect()
 6 SYSTEMPATH\CodeIgniter.php(502): CodeIgniter\CodeIgniter->runController(Object(App\Controllers\Home))
 7 SYSTEMPATH\CodeIgniter.php(361): CodeIgniter\CodeIgniter->handleRequest(null, Object(Config\Cache), false)
 8 FCPATH\index.php(79): CodeIgniter\CodeIgniter->run()
CRITICAL - 2024-03-05 21:21:19 --> Error: Call to undefined function set_charset()
in APPPATH\Views\regConnect.php on line 8.
 1 SYSTEMPATH\View\View.php(228): include()
 2 SYSTEMPATH\View\View.php(231): CodeIgniter\View\View->CodeIgniter\View\{closure}()
 3 SYSTEMPATH\Common.php(1178): CodeIgniter\View\View->render('regConnect', [], true)
 4 APPPATH\Controllers\Home.php(63): view('regConnect')
 5 SYSTEMPATH\CodeIgniter.php(941): App\Controllers\Home->regConnect()
 6 SYSTEMPATH\CodeIgniter.php(502): CodeIgniter\CodeIgniter->runController(Object(App\Controllers\Home))
 7 SYSTEMPATH\CodeIgniter.php(361): CodeIgniter\CodeIgniter->handleRequest(null, Object(Config\Cache), false)
 8 FCPATH\index.php(79): CodeIgniter\CodeIgniter->run()
CRITICAL - 2024-03-05 21:21:20 --> Error: Call to undefined function set_charset()
in APPPATH\Views\regConnect.php on line 8.
 1 SYSTEMPATH\View\View.php(228): include()
 2 SYSTEMPATH\View\View.php(231): CodeIgniter\View\View->CodeIgniter\View\{closure}()
 3 SYSTEMPATH\Common.php(1178): CodeIgniter\View\View->render('regConnect', [], true)
 4 APPPATH\Controllers\Home.php(63): view('regConnect')
 5 SYSTEMPATH\CodeIgniter.php(941): App\Controllers\Home->regConnect()
 6 SYSTEMPATH\CodeIgniter.php(502): CodeIgniter\CodeIgniter->runController(Object(App\Controllers\Home))
 7 SYSTEMPATH\CodeIgniter.php(361): CodeIgniter\CodeIgniter->handleRequest(null, Object(Config\Cache), false)
 8 FCPATH\index.php(79): CodeIgniter\CodeIgniter->run()
CRITICAL - 2024-03-05 21:21:20 --> Error: Call to undefined function set_charset()
in APPPATH\Views\regConnect.php on line 8.
 1 SYSTEMPATH\View\View.php(228): include()
 2 SYSTEMPATH\View\View.php(231): CodeIgniter\View\View->CodeIgniter\View\{closure}()
 3 SYSTEMPATH\Common.php(1178): CodeIgniter\View\View->render('regConnect', [], true)
 4 APPPATH\Controllers\Home.php(63): view('regConnect')
 5 SYSTEMPATH\CodeIgniter.php(941): App\Controllers\Home->regConnect()
 6 SYSTEMPATH\CodeIgniter.php(502): CodeIgniter\CodeIgniter->runController(Object(App\Controllers\Home))
 7 SYSTEMPATH\CodeIgniter.php(361): CodeIgniter\CodeIgniter->handleRequest(null, Object(Config\Cache), false)
 8 FCPATH\index.php(79): CodeIgniter\CodeIgniter->run()
CRITICAL - 2024-03-05 21:36:41 --> Error: Call to undefined function set_charset()
in APPPATH\Views\regConnect.php on line 8.
 1 APPPATH\Views\register.php(3): include()
 2 SYSTEMPATH\View\View.php(228): include('C:\\xampp\\htdocs\\codeIgniter4\\app\\Views\\register.php')
 3 SYSTEMPATH\View\View.php(231): CodeIgniter\View\View->CodeIgniter\View\{closure}()
 4 SYSTEMPATH\Common.php(1178): CodeIgniter\View\View->render('register', [], true)
 5 APPPATH\Controllers\Home.php(51): view('register')
 6 SYSTEMPATH\CodeIgniter.php(941): App\Controllers\Home->register()
 7 SYSTEMPATH\CodeIgniter.php(502): CodeIgniter\CodeIgniter->runController(Object(App\Controllers\Home))
 8 SYSTEMPATH\CodeIgniter.php(361): CodeIgniter\CodeIgniter->handleRequest(null, Object(Config\Cache), false)
 9 FCPATH\index.php(79): CodeIgniter\CodeIgniter->run()
CRITICAL - 2024-03-05 21:36:42 --> Error: Call to undefined function set_charset()
in APPPATH\Views\regConnect.php on line 8.
 1 APPPATH\Views\register.php(3): include()
 2 SYSTEMPATH\View\View.php(228): include('C:\\xampp\\htdocs\\codeIgniter4\\app\\Views\\register.php')
 3 SYSTEMPATH\View\View.php(231): CodeIgniter\View\View->CodeIgniter\View\{closure}()
 4 SYSTEMPATH\Common.php(1178): CodeIgniter\View\View->render('register', [], true)
 5 APPPATH\Controllers\Home.php(51): view('register')
 6 SYSTEMPATH\CodeIgniter.php(941): App\Controllers\Home->register()
 7 SYSTEMPATH\CodeIgniter.php(502): CodeIgniter\CodeIgniter->runController(Object(App\Controllers\Home))
 8 SYSTEMPATH\CodeIgniter.php(361): CodeIgniter\CodeIgniter->handleRequest(null, Object(Config\Cache), false)
 9 FCPATH\index.php(79): CodeIgniter\CodeIgniter->run()
CRITICAL - 2024-03-05 21:37:38 --> Error: Call to undefined function set_charset()
in APPPATH\Views\regConnect.php on line 8.
 1 APPPATH\Views\register.php(3): include()
 2 SYSTEMPATH\View\View.php(228): include('C:\\xampp\\htdocs\\codeIgniter4\\app\\Views\\register.php')
 3 SYSTEMPATH\View\View.php(231): CodeIgniter\View\View->CodeIgniter\View\{closure}()
 4 SYSTEMPATH\Common.php(1178): CodeIgniter\View\View->render('register', [], true)
 5 APPPATH\Controllers\Home.php(51): view('register')
 6 SYSTEMPATH\CodeIgniter.php(941): App\Controllers\Home->register()
 7 SYSTEMPATH\CodeIgniter.php(502): CodeIgniter\CodeIgniter->runController(Object(App\Controllers\Home))
 8 SYSTEMPATH\CodeIgniter.php(361): CodeIgniter\CodeIgniter->handleRequest(null, Object(Config\Cache), false)
 9 FCPATH\index.php(79): CodeIgniter\CodeIgniter->run()
CRITICAL - 2024-03-05 21:37:39 --> Error: Call to undefined function set_charset()
in APPPATH\Views\regConnect.php on line 8.
 1 APPPATH\Views\register.php(3): include()
 2 SYSTEMPATH\View\View.php(228): include('C:\\xampp\\htdocs\\codeIgniter4\\app\\Views\\register.php')
 3 SYSTEMPATH\View\View.php(231): CodeIgniter\View\View->CodeIgniter\View\{closure}()
 4 SYSTEMPATH\Common.php(1178): CodeIgniter\View\View->render('register', [], true)
 5 APPPATH\Controllers\Home.php(51): view('register')
 6 SYSTEMPATH\CodeIgniter.php(941): App\Controllers\Home->register()
 7 SYSTEMPATH\CodeIgniter.php(502): CodeIgniter\CodeIgniter->runController(Object(App\Controllers\Home))
 8 SYSTEMPATH\CodeIgniter.php(361): CodeIgniter\CodeIgniter->handleRequest(null, Object(Config\Cache), false)
 9 FCPATH\index.php(79): CodeIgniter\CodeIgniter->run()
CRITICAL - 2024-03-05 21:37:39 --> Error: Call to undefined function set_charset()
in APPPATH\Views\regConnect.php on line 8.
 1 APPPATH\Views\register.php(3): include()
 2 SYSTEMPATH\View\View.php(228): include('C:\\xampp\\htdocs\\codeIgniter4\\app\\Views\\register.php')
 3 SYSTEMPATH\View\View.php(231): CodeIgniter\View\View->CodeIgniter\View\{closure}()
 4 SYSTEMPATH\Common.php(1178): CodeIgniter\View\View->render('register', [], true)
 5 APPPATH\Controllers\Home.php(51): view('register')
 6 SYSTEMPATH\CodeIgniter.php(941): App\Controllers\Home->register()
 7 SYSTEMPATH\CodeIgniter.php(502): CodeIgniter\CodeIgniter->runController(Object(App\Controllers\Home))
 8 SYSTEMPATH\CodeIgniter.php(361): CodeIgniter\CodeIgniter->handleRequest(null, Object(Config\Cache), false)
 9 FCPATH\index.php(79): CodeIgniter\CodeIgniter->run()
CRITICAL - 2024-03-05 21:37:39 --> Error: Call to undefined function set_charset()
in APPPATH\Views\regConnect.php on line 8.
 1 APPPATH\Views\register.php(3): include()
 2 SYSTEMPATH\View\View.php(228): include('C:\\xampp\\htdocs\\codeIgniter4\\app\\Views\\register.php')
 3 SYSTEMPATH\View\View.php(231): CodeIgniter\View\View->CodeIgniter\View\{closure}()
 4 SYSTEMPATH\Common.php(1178): CodeIgniter\View\View->render('register', [], true)
 5 APPPATH\Controllers\Home.php(51): view('register')
 6 SYSTEMPATH\CodeIgniter.php(941): App\Controllers\Home->register()
 7 SYSTEMPATH\CodeIgniter.php(502): CodeIgniter\CodeIgniter->runController(Object(App\Controllers\Home))
 8 SYSTEMPATH\CodeIgniter.php(361): CodeIgniter\CodeIgniter->handleRequest(null, Object(Config\Cache), false)
 9 FCPATH\index.php(79): CodeIgniter\CodeIgniter->run()
CRITICAL - 2024-03-05 21:37:39 --> Error: Call to undefined function set_charset()
in APPPATH\Views\regConnect.php on line 8.
 1 APPPATH\Views\register.php(3): include()
 2 SYSTEMPATH\View\View.php(228): include('C:\\xampp\\htdocs\\codeIgniter4\\app\\Views\\register.php')
 3 SYSTEMPATH\View\View.php(231): CodeIgniter\View\View->CodeIgniter\View\{closure}()
 4 SYSTEMPATH\Common.php(1178): CodeIgniter\View\View->render('register', [], true)
 5 APPPATH\Controllers\Home.php(51): view('register')
 6 SYSTEMPATH\CodeIgniter.php(941): App\Controllers\Home->register()
 7 SYSTEMPATH\CodeIgniter.php(502): CodeIgniter\CodeIgniter->runController(Object(App\Controllers\Home))
 8 SYSTEMPATH\CodeIgniter.php(361): CodeIgniter\CodeIgniter->handleRequest(null, Object(Config\Cache), false)
 9 FCPATH\index.php(79): CodeIgniter\CodeIgniter->run()
CRITICAL - 2024-03-05 21:37:40 --> Error: Call to undefined function set_charset()
in APPPATH\Views\regConnect.php on line 8.
 1 APPPATH\Views\register.php(3): include()
 2 SYSTEMPATH\View\View.php(228): include('C:\\xampp\\htdocs\\codeIgniter4\\app\\Views\\register.php')
 3 SYSTEMPATH\View\View.php(231): CodeIgniter\View\View->CodeIgniter\View\{closure}()
 4 SYSTEMPATH\Common.php(1178): CodeIgniter\View\View->render('register', [], true)
 5 APPPATH\Controllers\Home.php(51): view('register')
 6 SYSTEMPATH\CodeIgniter.php(941): App\Controllers\Home->register()
 7 SYSTEMPATH\CodeIgniter.php(502): CodeIgniter\CodeIgniter->runController(Object(App\Controllers\Home))
 8 SYSTEMPATH\CodeIgniter.php(361): CodeIgniter\CodeIgniter->handleRequest(null, Object(Config\Cache), false)
 9 FCPATH\index.php(79): CodeIgniter\CodeIgniter->run()
CRITICAL - 2024-03-05 21:37:40 --> Error: Call to undefined function set_charset()
in APPPATH\Views\regConnect.php on line 8.
 1 APPPATH\Views\register.php(3): include()
 2 SYSTEMPATH\View\View.php(228): include('C:\\xampp\\htdocs\\codeIgniter4\\app\\Views\\register.php')
 3 SYSTEMPATH\View\View.php(231): CodeIgniter\View\View->CodeIgniter\View\{closure}()
 4 SYSTEMPATH\Common.php(1178): CodeIgniter\View\View->render('register', [], true)
 5 APPPATH\Controllers\Home.php(51): view('register')
 6 SYSTEMPATH\CodeIgniter.php(941): App\Controllers\Home->register()
 7 SYSTEMPATH\CodeIgniter.php(502): CodeIgniter\CodeIgniter->runController(Object(App\Controllers\Home))
 8 SYSTEMPATH\CodeIgniter.php(361): CodeIgniter\CodeIgniter->handleRequest(null, Object(Config\Cache), false)
 9 FCPATH\index.php(79): CodeIgniter\CodeIgniter->run()
CRITICAL - 2024-03-05 21:37:40 --> Error: Call to undefined function set_charset()
in APPPATH\Views\regConnect.php on line 8.
 1 APPPATH\Views\register.php(3): include()
 2 SYSTEMPATH\View\View.php(228): include('C:\\xampp\\htdocs\\codeIgniter4\\app\\Views\\register.php')
 3 SYSTEMPATH\View\View.php(231): CodeIgniter\View\View->CodeIgniter\View\{closure}()
 4 SYSTEMPATH\Common.php(1178): CodeIgniter\View\View->render('register', [], true)
 5 APPPATH\Controllers\Home.php(51): view('register')
 6 SYSTEMPATH\CodeIgniter.php(941): App\Controllers\Home->register()
 7 SYSTEMPATH\CodeIgniter.php(502): CodeIgniter\CodeIgniter->runController(Object(App\Controllers\Home))
 8 SYSTEMPATH\CodeIgniter.php(361): CodeIgniter\CodeIgniter->handleRequest(null, Object(Config\Cache), false)
 9 FCPATH\index.php(79): CodeIgniter\CodeIgniter->run()
CRITICAL - 2024-03-05 21:37:40 --> Error: Call to undefined function set_charset()
in APPPATH\Views\regConnect.php on line 8.
 1 APPPATH\Views\register.php(3): include()
 2 SYSTEMPATH\View\View.php(228): include('C:\\xampp\\htdocs\\codeIgniter4\\app\\Views\\register.php')
 3 SYSTEMPATH\View\View.php(231): CodeIgniter\View\View->CodeIgniter\View\{closure}()
 4 SYSTEMPATH\Common.php(1178): CodeIgniter\View\View->render('register', [], true)
 5 APPPATH\Controllers\Home.php(51): view('register')
 6 SYSTEMPATH\CodeIgniter.php(941): App\Controllers\Home->register()
 7 SYSTEMPATH\CodeIgniter.php(502): CodeIgniter\CodeIgniter->runController(Object(App\Controllers\Home))
 8 SYSTEMPATH\CodeIgniter.php(361): CodeIgniter\CodeIgniter->handleRequest(null, Object(Config\Cache), false)
 9 FCPATH\index.php(79): CodeIgniter\CodeIgniter->run()
CRITICAL - 2024-03-05 21:37:42 --> Error: Call to undefined function set_charset()
in APPPATH\Views\regConnect.php on line 8.
 1 APPPATH\Views\register.php(3): include()
 2 SYSTEMPATH\View\View.php(228): include('C:\\xampp\\htdocs\\codeIgniter4\\app\\Views\\register.php')
 3 SYSTEMPATH\View\View.php(231): CodeIgniter\View\View->CodeIgniter\View\{closure}()
 4 SYSTEMPATH\Common.php(1178): CodeIgniter\View\View->render('register', [], true)
 5 APPPATH\Controllers\Home.php(51): view('register')
 6 SYSTEMPATH\CodeIgniter.php(941): App\Controllers\Home->register()
 7 SYSTEMPATH\CodeIgniter.php(502): CodeIgniter\CodeIgniter->runController(Object(App\Controllers\Home))
 8 SYSTEMPATH\CodeIgniter.php(361): CodeIgniter\CodeIgniter->handleRequest(null, Object(Config\Cache), false)
 9 FCPATH\index.php(79): CodeIgniter\CodeIgniter->run()
CRITICAL - 2024-03-05 21:44:33 --> Error: Call to undefined function set_charset()
in APPPATH\Views\regConnect.php on line 8.
 1 APPPATH\Views\register.php(3): include()
 2 SYSTEMPATH\View\View.php(228): include('C:\\xampp\\htdocs\\codeIgniter4\\app\\Views\\register.php')
 3 SYSTEMPATH\View\View.php(231): CodeIgniter\View\View->CodeIgniter\View\{closure}()
 4 SYSTEMPATH\Common.php(1178): CodeIgniter\View\View->render('register', [], true)
 5 APPPATH\Controllers\Home.php(51): view('register')
 6 SYSTEMPATH\CodeIgniter.php(941): App\Controllers\Home->register()
 7 SYSTEMPATH\CodeIgniter.php(502): CodeIgniter\CodeIgniter->runController(Object(App\Controllers\Home))
 8 SYSTEMPATH\CodeIgniter.php(361): CodeIgniter\CodeIgniter->handleRequest(null, Object(Config\Cache), false)
 9 FCPATH\index.php(79): CodeIgniter\CodeIgniter->run()
CRITICAL - 2024-03-05 21:44:42 --> Error: Call to undefined function set_charset()
in APPPATH\Views\regConnect.php on line 8.
 1 APPPATH\Views\register.php(3): include()
 2 SYSTEMPATH\View\View.php(228): include('C:\\xampp\\htdocs\\codeIgniter4\\app\\Views\\register.php')
 3 SYSTEMPATH\View\View.php(231): CodeIgniter\View\View->CodeIgniter\View\{closure}()
 4 SYSTEMPATH\Common.php(1178): CodeIgniter\View\View->render('register', [], true)
 5 APPPATH\Controllers\Home.php(51): view('register')
 6 SYSTEMPATH\CodeIgniter.php(941): App\Controllers\Home->register()
 7 SYSTEMPATH\CodeIgniter.php(502): CodeIgniter\CodeIgniter->runController(Object(App\Controllers\Home))
 8 SYSTEMPATH\CodeIgniter.php(361): CodeIgniter\CodeIgniter->handleRequest(null, Object(Config\Cache), false)
 9 FCPATH\index.php(79): CodeIgniter\CodeIgniter->run()
CRITICAL - 2024-03-05 22:51:40 --> Error: Call to undefined function set_charset()
in APPPATH\Views\regConnect.php on line 8.
 1 APPPATH\Views\register.php(3): include()
 2 SYSTEMPATH\View\View.php(228): include('C:\\xampp\\htdocs\\codeIgniter4\\app\\Views\\register.php')
 3 SYSTEMPATH\View\View.php(231): CodeIgniter\View\View->CodeIgniter\View\{closure}()
 4 SYSTEMPATH\Common.php(1178): CodeIgniter\View\View->render('register', [], true)
 5 APPPATH\Controllers\Home.php(51): view('register')
 6 SYSTEMPATH\CodeIgniter.php(941): App\Controllers\Home->register()
 7 SYSTEMPATH\CodeIgniter.php(502): CodeIgniter\CodeIgniter->runController(Object(App\Controllers\Home))
 8 SYSTEMPATH\CodeIgniter.php(361): CodeIgniter\CodeIgniter->handleRequest(null, Object(Config\Cache), false)
 9 FCPATH\index.php(79): CodeIgniter\CodeIgniter->run()
CRITICAL - 2024-03-05 22:51:43 --> Error: Call to undefined function set_charset()
in APPPATH\Views\regConnect.php on line 8.
 1 APPPATH\Views\register.php(3): include()
 2 SYSTEMPATH\View\View.php(228): include('C:\\xampp\\htdocs\\codeIgniter4\\app\\Views\\register.php')
 3 SYSTEMPATH\View\View.php(231): CodeIgniter\View\View->CodeIgniter\View\{closure}()
 4 SYSTEMPATH\Common.php(1178): CodeIgniter\View\View->render('register', [], true)
 5 APPPATH\Controllers\Home.php(51): view('register')
 6 SYSTEMPATH\CodeIgniter.php(941): App\Controllers\Home->register()
 7 SYSTEMPATH\CodeIgniter.php(502): CodeIgniter\CodeIgniter->runController(Object(App\Controllers\Home))
 8 SYSTEMPATH\CodeIgniter.php(361): CodeIgniter\CodeIgniter->handleRequest(null, Object(Config\Cache), false)
 9 FCPATH\index.php(79): CodeIgniter\CodeIgniter->run()
